#
# A fatal error has been detected by the Java Runtime Environment:
#
#  EXCEPTION_ACCESS_VIOLATION (0xc0000005) at pc=0x00007ffd80204c5f, pid=16916, tid=4656
#
# JRE version: OpenJDK Runtime Environment (11.0.13) (build 11.0.13+0-b1751.21-8125866)
# Java VM: OpenJDK 64-Bit Server VM (11.0.13+0-b1751.21-8125866, mixed mode, tiered, compressed oops, g1 gc, windows-amd64)
# Problematic frame:
# V  [jvm.dll+0x524c5f]
#
# No core dump will be written. Minidumps are not enabled by default on client versions of Windows
#
# If you would like to submit a bug report, please visit:
#   https://bugreport.java.com/bugreport/crash.jsp
#

---------------  S U M M A R Y ------------

Command Line: --add-opens=java.base/java.util=ALL-UNNAMED --add-opens=java.base/java.lang=ALL-UNNAMED --add-opens=java.base/java.lang.invoke=ALL-UNNAMED --add-opens=java.base/java.util=ALL-UNNAMED --add-opens=java.prefs/java.util.prefs=ALL-UNNAMED --add-opens=java.prefs/java.util.prefs=ALL-UNNAMED --add-opens=java.base/java.nio.charset=ALL-UNNAMED --add-opens=java.base/java.net=ALL-UNNAMED --add-opens=java.base/java.util.concurrent.atomic=ALL-UNNAMED -Xmx2048m -Dfile.encoding=UTF-8 -Duser.country=RU -Duser.language=ru -Duser.variant org.gradle.launcher.daemon.bootstrap.GradleDaemon 7.4

Host: Intel(R) Core(TM) i7-7700HQ CPU @ 2.80GHz, 8 cores, 15G,  Windows 11 , 64 bit Build 22000 (10.0.22000.1219)
Time: Sun Dec 11 19:25:01 2022 Западная Азия (зима) elapsed time: 14.754286 seconds (0d 0h 0m 14s)

---------------  T H R E A D  ---------------

Current thread (0x0000014d55a65000):  JavaThread "C2 CompilerThread2" daemon [_thread_in_native, id=4656, stack(0x0000000102d00000,0x0000000102e00000)]


Current CompileTask:
C2:  14754 12340   !   4       java.io.ObjectOutputStream::writeObject0 (619 bytes)

Stack: [0x0000000102d00000,0x0000000102e00000],  sp=0x0000000102dfba80,  free space=1006k
Native frames: (J=compiled Java code, j=interpreted, Vv=VM code, C=native code)
V  [jvm.dll+0x524c5f]
V  [jvm.dll+0x524484]
V  [jvm.dll+0x2045ac]
V  [jvm.dll+0x2023c2]
V  [jvm.dll+0x188e01]
V  [jvm.dll+0x21106b]
V  [jvm.dll+0x20f8c1]
V  [jvm.dll+0x70de0f]
V  [jvm.dll+0x706a75]
V  [jvm.dll+0x60ed66]
C  [ucrtbase.dll+0x26c0c]
C  [KERNEL32.DLL+0x15550]
C  [ntdll.dll+0x485b]


siginfo: EXCEPTION_ACCESS_VIOLATION (0xc0000005), reading address 0x00000000000000a8


Register to memory mapping:

RIP=0x00007ffd80204c5f jvm.dll
RAX=0x0 is NULL
RBX=0x0000000102dfc110 is pointing into the stack for thread: 0x0000014d55a65000
RCX=0x0000014d7f774908 points into unknown readable memory: 0x0000000000000000 | 00 00 00 00 00 00 00 00
RDX=0x0000014d566d54f8 points into unknown readable memory: 0x00100000000ffff8 | f8 ff 0f 00 00 00 10 00
RSP=0x0000000102dfba80 is pointing into the stack for thread: 0x0000014d55a65000
RBP=0x0000000102dfbb00 is pointing into the stack for thread: 0x0000014d55a65000
RSI=0x00000000000005cd is an unknown value
RDI=0x0000014d7f774908 points into unknown readable memory: 0x0000000000000000 | 00 00 00 00 00 00 00 00
R8 =0x0000000000008000 is an unknown value
R9 =0x0000000000008000 is an unknown value
R10=0x0000014d563d58f0 points into unknown readable memory: 0x0000014d53ca9e30 | 30 9e ca 53 4d 01 00 00
R11=0x0000014d7f6f5910 points into unknown readable memory: 0x00007ffd805173d8 | d8 73 51 80 fd 7f 00 00
R12=0x0000014d55943c40 points into unknown readable memory: 0x00007ffd80503698 | 98 36 50 80 fd 7f 00 00
R13=0x0000000102dfbb28 is pointing into the stack for thread: 0x0000014d55a65000
R14=0x000000000000003e is an unknown value
R15=0x0000014d574b86d0 points into unknown readable memory: 0x00007ffd804ee580 | 80 e5 4e 80 fd 7f 00 00


Registers:
RAX=0x0000000000000000, RBX=0x0000000102dfc110, RCX=0x0000014d7f774908, RDX=0x0000014d566d54f8
RSP=0x0000000102dfba80, RBP=0x0000000102dfbb00, RSI=0x00000000000005cd, RDI=0x0000014d7f774908
R8 =0x0000000000008000, R9 =0x0000000000008000, R10=0x0000014d563d58f0, R11=0x0000014d7f6f5910
R12=0x0000014d55943c40, R13=0x0000000102dfbb28, R14=0x000000000000003e, R15=0x0000014d574b86d0
RIP=0x00007ffd80204c5f, EFLAGS=0x0000000000010202

Top of Stack: (sp=0x0000000102dfba80)
0x0000000102dfba80:   0000000102dfc110 0000000102dfbb00
0x0000000102dfba90:   0000014d5b921398 00007ffd80205f93
0x0000000102dfbaa0:   0000000000000003 0000000000000002
0x0000000102dfbab0:   0000000102dfc0f0 0000000000000195
0x0000000102dfbac0:   0000014d53ca9e30 0000000000000000
0x0000000102dfbad0:   0000000102dfbbe0 00007ffd80204484
0x0000000102dfbae0:   0000000102dfc0f0 0000014d7f6f5990
0x0000000102dfbaf0:   0000000000000059 0000000102dfbb90
0x0000000102dfbb00:   0000014d53ca9e30 00007ffd00000400
0x0000000102dfbb10:   0000014d566d5c40 0000000000000190
0x0000000102dfbb20:   0000014d00000003 00007ffd80578fa8
0x0000000102dfbb30:   0000014d53ca9e30 00007ffd00000200
0x0000000102dfbb40:   0000014d566d5440 0000014d53ca9e30
0x0000000102dfbb50:   0000014d565b7070 00000000000b0220
0x0000000102dfbb60:   0000014d565b70c0 0000014d565bf058
0x0000000102dfbb70:   0000014d53ca9e30 00007ffd00000004 

Instructions: (pc=0x00007ffd80204c5f)
0x00007ffd80204b5f:   00 00 49 83 b8 a8 09 00 00 00 0f 85 c7 00 00 00
0x00007ffd80204b6f:   f6 46 5a 04 0f 84 bd 00 00 00 49 8b 04 24 49 8b
0x00007ffd80204b7f:   cc ff 10 3d ff 00 00 00 0f 85 a9 00 00 00 48 8b
0x00007ffd80204b8f:   7c 24 60 49 8b d4 48 8b cf e8 73 49 00 00 84 c0
0x00007ffd80204b9f:   0f 84 91 00 00 00 49 8b 44 24 08 49 8b d4 48 8b
0x00007ffd80204baf:   cf 4c 8b 30 4d 8b c6 e8 d5 ec fe ff 48 8b 4e 60
0x00007ffd80204bbf:   48 85 c9 74 08 49 8b d4 e8 54 b6 0c 00 41 8b 4e
0x00007ffd80204bcf:   28 8b c1 c1 e8 05 41 3b 45 10 72 0e 49 8b 45 00
0x00007ffd80204bdf:   8b d1 49 8b cd ff 50 18 eb 25 83 e1 1f 41 b8 01
0x00007ffd80204bef:   00 00 00 41 d3 e0 8b c8 49 8b 45 18 48 8d 14 88
0x00007ffd80204bff:   8b 0c 88 8b c1 41 0b c8 89 0a 41 23 c0 75 20 8b
0x00007ffd80204c0f:   7d 18 8d 47 01 89 45 18 3b 7d 08 72 0a 8b d7 48
0x00007ffd80204c1f:   8b cd e8 ba a0 0c 00 48 8b 45 10 4c 89 34 f8 44
0x00007ffd80204c2f:   8b 74 24 70 41 ff c6 44 3b 74 24 70 0f 83 eb 00
0x00007ffd80204c3f:   00 00 49 8b 44 24 08 41 8b ce 41 ff c6 48 8b 3c
0x00007ffd80204c4f:   c8 48 85 ff 0f 84 c3 00 00 00 48 8b 07 48 8b cf
0x00007ffd80204c5f:   ff 90 a8 00 00 00 84 c0 74 32 48 8b 07 48 8b cf
0x00007ffd80204c6f:   ff 50 10 84 c0 75 25 48 8b 47 08 8b 77 28 4c 8b
0x00007ffd80204c7f:   38 3b 73 08 72 0a 8b d6 48 8b cb e8 51 a0 0c 00
0x00007ffd80204c8f:   48 8b 43 10 49 8d 57 01 48 89 14 f0 8b 4f 28 8b
0x00007ffd80204c9f:   c1 c1 e8 05 41 3b 45 10 72 11 49 8b 45 00 8b d1
0x00007ffd80204caf:   49 8b cd ff 50 18 45 33 c9 eb 20 83 e1 1f 41 b8
0x00007ffd80204cbf:   01 00 00 00 41 d3 e0 8b c8 45 8b c8 49 8b 45 18
0x00007ffd80204ccf:   44 23 0c 88 48 8d 14 88 44 09 02 8b 47 28 3b 43
0x00007ffd80204cdf:   08 0f 83 ae 00 00 00 8b c8 48 8b 43 10 48 83 3c
0x00007ffd80204cef:   c8 00 0f 84 9d 00 00 00 45 85 c9 75 20 8b 75 18
0x00007ffd80204cff:   8d 46 01 89 45 18 3b 75 08 72 0a 8b d6 48 8b cd
0x00007ffd80204d0f:   e8 cc 9f 0c 00 48 8b 45 10 48 89 3c f0 44 3b 74
0x00007ffd80204d1f:   24 70 0f 82 1a ff ff ff 4c 8b 7c 24 78 41 8b 44
0x00007ffd80204d2f:   24 28 3b 43 08 73 0d 8b c8 48 8b 43 10 48 83 3c
0x00007ffd80204d3f:   c8 00 75 30 48 8b 4c 24 60 49 8b d4 e8 70 2b 00
0x00007ffd80204d4f:   00 41 8b 7c 24 28 48 8b f0 3b 7b 08 72 0a 8b d7 


Stack slot to memory mapping:
stack at sp + 0 slots: 0x0000000102dfc110 is pointing into the stack for thread: 0x0000014d55a65000
stack at sp + 1 slots: 0x0000000102dfbb00 is pointing into the stack for thread: 0x0000014d55a65000
stack at sp + 2 slots: 0x0000014d5b921398 points into unknown readable memory: 0x00007ffd804ee640 | 40 e6 4e 80 fd 7f 00 00
stack at sp + 3 slots: 0x00007ffd80205f93 jvm.dll
stack at sp + 4 slots: 0x0000000000000003 is an unknown value
stack at sp + 5 slots: 0x0000000000000002 is an unknown value
stack at sp + 6 slots: 0x0000000102dfc0f0 is pointing into the stack for thread: 0x0000014d55a65000
stack at sp + 7 slots: 0x0000000000000195 is an unknown value


---------------  P R O C E S S  ---------------

Threads class SMR info:
_java_thread_list=0x0000014d5883bd90, length=135, elements={
0x0000014d737ad000, 0x0000014d7f4e2800, 0x0000014d7f4e5000, 0x0000014d7f50a800,
0x0000014d7f50c800, 0x0000014d7f50e000, 0x0000014d7f552800, 0x0000014d7f55e800,
0x0000014d7f562000, 0x0000014d7f6d7800, 0x0000014d53642000, 0x0000014d5320e800,
0x0000014d527df800, 0x0000014d52e46800, 0x0000014d52da9000, 0x0000014d52015800,
0x0000014d535e6800, 0x0000014d51f22000, 0x0000014d523ac000, 0x0000014d52424000,
0x0000014d53039800, 0x0000014d5303c000, 0x0000014d5303d000, 0x0000014d5303e000,
0x0000014d5303b800, 0x0000014d5303a800, 0x0000014d5303e800, 0x0000014d53039000,
0x0000014d5303f800, 0x0000014d53830800, 0x0000014d53835000, 0x0000014d53833800,
0x0000014d53837800, 0x0000014d53832000, 0x0000014d53838800, 0x0000014d53833000,
0x0000014d5383c800, 0x0000014d5383b800, 0x0000014d53839800, 0x0000014d5383d800,
0x0000014d5383e000, 0x0000014d5383f000, 0x0000014d5383a000, 0x0000014d5383b000,
0x0000014d544f3000, 0x0000014d544f4000, 0x0000014d544f6800, 0x0000014d544f7000,
0x0000014d544f1800, 0x0000014d544f4800, 0x0000014d544f8000, 0x0000014d544f5800,
0x0000014d544f2000, 0x0000014d55a7a000, 0x0000014d55a79000, 0x0000014d55a78000,
0x0000014d55a77800, 0x0000014d55a76800, 0x0000014d55a75800, 0x0000014d55a75000,
0x0000014d55a74000, 0x0000014d55a7a800, 0x0000014d55a7e000, 0x0000014d55a80800,
0x0000014d55a81000, 0x0000014d55a7b800, 0x0000014d55a82000, 0x0000014d55a7c000,
0x0000014d55a83000, 0x0000014d55a7d000, 0x0000014d55a7e800, 0x0000014d55a7f800,
0x0000014d532b1000, 0x0000014d532b2000, 0x0000014d532ae800, 0x0000014d532ad000,
0x0000014d532b2800, 0x0000014d532b3800, 0x0000014d532af800, 0x0000014d532ad800,
0x0000014d532b4800, 0x0000014d532b5000, 0x0000014d532b6000, 0x0000014d532b0000,
0x0000014d532b6800, 0x0000014d532bb800, 0x0000014d532bb000, 0x0000014d532b7800,
0x0000014d532b8800, 0x0000014d532b9000, 0x0000014d532ba000, 0x0000014d55a58000,
0x0000014d55a57800, 0x0000014d55a55800, 0x0000014d55a54000, 0x0000014d55a56800,
0x0000014d55a59000, 0x0000014d55a5a000, 0x0000014d55a5a800, 0x0000014d55a55000,
0x0000014d55a5e000, 0x0000014d55a5f800, 0x0000014d55a5e800, 0x0000014d55a60800,
0x0000014d55a5c000, 0x0000014d55a5d000, 0x0000014d55a61000, 0x0000014d55a5b800,
0x0000014d55a62000, 0x0000014d55a63000, 0x0000014d517cf800, 0x0000014d517d0800,
0x0000014d517d1000, 0x0000014d517cf000, 0x0000014d517cd000, 0x0000014d517d2000,
0x0000014d517cc800, 0x0000014d517d3000, 0x0000014d517d3800, 0x0000014d517ce000,
0x0000014d517d5800, 0x0000014d517d6000, 0x0000014d517d4800, 0x0000014d58b98800,
0x0000014d58b95000, 0x0000014d55a66800, 0x0000014d55a65000, 0x0000014d58b9e000,
0x0000014d58b9f000, 0x0000014d58ba2800, 0x0000014d58b9c800, 0x0000014d58ba1800,
0x0000014d58ba3000, 0x0000014d58ba0000, 0x0000014d58ba0800
}

Java Threads: ( => current thread )
  0x0000014d737ad000 JavaThread "main" [_thread_blocked, id=17248, stack(0x0000000100600000,0x0000000100700000)]
  0x0000014d7f4e2800 JavaThread "Reference Handler" daemon [_thread_blocked, id=3564, stack(0x0000000100d00000,0x0000000100e00000)]
  0x0000014d7f4e5000 JavaThread "Finalizer" daemon [_thread_blocked, id=14156, stack(0x0000000100e00000,0x0000000100f00000)]
  0x0000014d7f50a800 JavaThread "Signal Dispatcher" daemon [_thread_blocked, id=16848, stack(0x0000000100f00000,0x0000000101000000)]
  0x0000014d7f50c800 JavaThread "Attach Listener" daemon [_thread_blocked, id=16864, stack(0x0000000101000000,0x0000000101100000)]
  0x0000014d7f50e000 JavaThread "Service Thread" daemon [_thread_blocked, id=14600, stack(0x0000000101100000,0x0000000101200000)]
  0x0000014d7f552800 JavaThread "C2 CompilerThread0" daemon [_thread_in_native, id=15348, stack(0x0000000101200000,0x0000000101300000)]
  0x0000014d7f55e800 JavaThread "C1 CompilerThread0" daemon [_thread_blocked, id=13064, stack(0x0000000101300000,0x0000000101400000)]
  0x0000014d7f562000 JavaThread "Sweeper thread" daemon [_thread_blocked, id=14636, stack(0x0000000101400000,0x0000000101500000)]
  0x0000014d7f6d7800 JavaThread "Common-Cleaner" daemon [_thread_blocked, id=15936, stack(0x0000000101500000,0x0000000101600000)]
  0x0000014d53642000 JavaThread "Daemon health stats" [_thread_blocked, id=15952, stack(0x0000000101e00000,0x0000000101f00000)]
  0x0000014d5320e800 JavaThread "Incoming local TCP Connector on port 1973" [_thread_in_native, id=16928, stack(0x0000000101700000,0x0000000101800000)]
  0x0000014d527df800 JavaThread "Daemon periodic checks" [_thread_blocked, id=16912, stack(0x0000000101800000,0x0000000101900000)]
  0x0000014d52e46800 JavaThread "Daemon" [_thread_blocked, id=16888, stack(0x0000000101f00000,0x0000000102000000)]
  0x0000014d52da9000 JavaThread "Handler for socket connection from /127.0.0.1:1973 to /127.0.0.1:1975" [_thread_in_native, id=16940, stack(0x0000000102000000,0x0000000102100000)]
  0x0000014d52015800 JavaThread "Cancel handler" [_thread_blocked, id=14520, stack(0x0000000102100000,0x0000000102200000)]
  0x0000014d535e6800 JavaThread "Daemon worker" [_thread_in_Java, id=14500, stack(0x0000000102200000,0x0000000102300000)]
  0x0000014d51f22000 JavaThread "Asynchronous log dispatcher for DefaultDaemonConnection: socket connection from /127.0.0.1:1973 to /127.0.0.1:1975" [_thread_blocked, id=14488, stack(0x0000000102300000,0x0000000102400000)]
  0x0000014d523ac000 JavaThread "Stdin handler" [_thread_blocked, id=6884, stack(0x0000000102400000,0x0000000102500000)]
  0x0000014d52424000 JavaThread "Daemon client event forwarder" [_thread_blocked, id=13708, stack(0x0000000102500000,0x0000000102600000)]
  0x0000014d53039800 JavaThread "Cache worker for journal cache (C:\Users\Comp-MIR\.gradle\caches\journal-1)" [_thread_blocked, id=16164, stack(0x0000000102600000,0x0000000102700000)]
  0x0000014d5303c000 JavaThread "File lock request listener" [_thread_in_native, id=15444, stack(0x0000000102700000,0x0000000102800000)]
  0x0000014d5303d000 JavaThread "Cache worker for file hash cache (C:\Users\Comp-MIR\.gradle\caches\7.4\fileHashes)" [_thread_blocked, id=16584, stack(0x0000000102800000,0x0000000102900000)]
  0x0000014d5303e000 JavaThread "File watcher server" daemon [_thread_in_native, id=16632, stack(0x0000000102e00000,0x0000000102f00000)]
  0x0000014d5303b800 JavaThread "File watcher consumer" daemon [_thread_blocked, id=16684, stack(0x0000000102f00000,0x0000000103000000)]
  0x0000014d5303a800 JavaThread "Cache worker for checksums cache (D:\Calculatormaster\.gradle\7.4\checksums)" [_thread_blocked, id=16664, stack(0x0000000103000000,0x0000000103100000)]
  0x0000014d5303e800 JavaThread "Cache worker for cache directory md-rule (C:\Users\Comp-MIR\.gradle\caches\7.4\md-rule)" [_thread_blocked, id=17380, stack(0x0000000103100000,0x0000000103200000)]
  0x0000014d53039000 JavaThread "Cache worker for file hash cache (D:\Calculatormaster\.gradle\7.4\fileHashes)" [_thread_blocked, id=14756, stack(0x0000000103200000,0x0000000103300000)]
  0x0000014d5303f800 JavaThread "Cache worker for cache directory md-supplier (C:\Users\Comp-MIR\.gradle\caches\7.4\md-supplier)" [_thread_blocked, id=17384, stack(0x0000000103300000,0x0000000103400000)]
  0x0000014d53830800 JavaThread "Cache worker for execution history cache (C:\Users\Comp-MIR\.gradle\caches\7.4\executionHistory)" [_thread_blocked, id=2428, stack(0x0000000103400000,0x0000000103500000)]
  0x0000014d53835000 JavaThread "jar transforms" [_thread_blocked, id=16984, stack(0x0000000103500000,0x0000000103600000)]
  0x0000014d53833800 JavaThread "Cache worker for file content cache (C:\Users\Comp-MIR\.gradle\caches\7.4\fileContent)" [_thread_blocked, id=13604, stack(0x0000000103600000,0x0000000103700000)]
  0x0000014d53837800 JavaThread "jar transforms Thread 2" [_thread_blocked, id=14628, stack(0x0000000103700000,0x0000000103800000)]
  0x0000014d53832000 JavaThread "Cache worker for dependencies-accessors (D:\Calculatormaster\.gradle\7.4\dependencies-accessors)" [_thread_blocked, id=16660, stack(0x0000000103800000,0x0000000103900000)]
  0x0000014d53838800 JavaThread "jar transforms Thread 3" [_thread_blocked, id=15828, stack(0x0000000103900000,0x0000000103a00000)]
  0x0000014d53833000 JavaThread "Cache worker for Build Output Cleanup Cache (D:\Calculatormaster\.gradle\buildOutputCleanup)" [_thread_blocked, id=6244, stack(0x0000000103a00000,0x0000000103b00000)]
  0x0000014d5383c800 JavaThread "Unconstrained build operations" [_thread_blocked, id=1692, stack(0x0000000103b00000,0x0000000103c00000)]
  0x0000014d5383b800 JavaThread "Unconstrained build operations Thread 2" [_thread_blocked, id=14632, stack(0x0000000103c00000,0x0000000103d00000)]
  0x0000014d53839800 JavaThread "Unconstrained build operations Thread 3" [_thread_blocked, id=7528, stack(0x0000000103d00000,0x0000000103e00000)]
  0x0000014d5383d800 JavaThread "Unconstrained build operations Thread 4" [_thread_blocked, id=7008, stack(0x0000000103e00000,0x0000000103f00000)]
  0x0000014d5383e000 JavaThread "Unconstrained build operations Thread 5" [_thread_blocked, id=15588, stack(0x0000000103f00000,0x0000000104000000)]
  0x0000014d5383f000 JavaThread "Unconstrained build operations Thread 6" [_thread_blocked, id=10116, stack(0x0000000104000000,0x0000000104100000)]
  0x0000014d5383a000 JavaThread "Unconstrained build operations Thread 7" [_thread_blocked, id=6004, stack(0x0000000104100000,0x0000000104200000)]
  0x0000014d5383b000 JavaThread "Unconstrained build operations Thread 8" [_thread_blocked, id=5860, stack(0x0000000104200000,0x0000000104300000)]
  0x0000014d544f3000 JavaThread "Unconstrained build operations Thread 9" [_thread_blocked, id=13080, stack(0x0000000104300000,0x0000000104400000)]
  0x0000014d544f4000 JavaThread "Unconstrained build operations Thread 10" [_thread_blocked, id=15708, stack(0x0000000104400000,0x0000000104500000)]
  0x0000014d544f6800 JavaThread "Unconstrained build operations Thread 11" [_thread_blocked, id=7624, stack(0x0000000104500000,0x0000000104600000)]
  0x0000014d544f7000 JavaThread "Unconstrained build operations Thread 12" [_thread_blocked, id=2528, stack(0x0000000104600000,0x0000000104700000)]
  0x0000014d544f1800 JavaThread "Unconstrained build operations Thread 13" [_thread_blocked, id=8144, stack(0x0000000104700000,0x0000000104800000)]
  0x0000014d544f4800 JavaThread "Unconstrained build operations Thread 14" [_thread_blocked, id=16968, stack(0x0000000104800000,0x0000000104900000)]
  0x0000014d544f8000 JavaThread "Unconstrained build operations Thread 15" [_thread_blocked, id=16828, stack(0x0000000104900000,0x0000000104a00000)]
  0x0000014d544f5800 JavaThread "Unconstrained build operations Thread 16" [_thread_blocked, id=15460, stack(0x0000000104a00000,0x0000000104b00000)]
  0x0000014d544f2000 JavaThread "Unconstrained build operations Thread 17" [_thread_blocked, id=11412, stack(0x0000000104b00000,0x0000000104c00000)]
  0x0000014d55a7a000 JavaThread "Unconstrained build operations Thread 18" [_thread_blocked, id=7728, stack(0x0000000104c00000,0x0000000104d00000)]
  0x0000014d55a79000 JavaThread "Unconstrained build operations Thread 19" [_thread_blocked, id=8636, stack(0x0000000104d00000,0x0000000104e00000)]
  0x0000014d55a78000 JavaThread "Unconstrained build operations Thread 20" [_thread_blocked, id=16280, stack(0x0000000104e00000,0x0000000104f00000)]
  0x0000014d55a77800 JavaThread "Unconstrained build operations Thread 21" [_thread_blocked, id=15956, stack(0x0000000104f00000,0x0000000105000000)]
  0x0000014d55a76800 JavaThread "Unconstrained build operations Thread 22" [_thread_blocked, id=9840, stack(0x0000000105000000,0x0000000105100000)]
  0x0000014d55a75800 JavaThread "Unconstrained build operations Thread 23" [_thread_blocked, id=6224, stack(0x0000000105100000,0x0000000105200000)]
  0x0000014d55a75000 JavaThread "Unconstrained build operations Thread 24" [_thread_blocked, id=17328, stack(0x0000000105200000,0x0000000105300000)]
  0x0000014d55a74000 JavaThread "Unconstrained build operations Thread 25" [_thread_blocked, id=8140, stack(0x0000000105300000,0x0000000105400000)]
  0x0000014d55a7a800 JavaThread "Unconstrained build operations Thread 26" [_thread_blocked, id=9276, stack(0x0000000105400000,0x0000000105500000)]
  0x0000014d55a7e000 JavaThread "Unconstrained build operations Thread 27" [_thread_blocked, id=2052, stack(0x0000000105500000,0x0000000105600000)]
  0x0000014d55a80800 JavaThread "Unconstrained build operations Thread 28" [_thread_blocked, id=4636, stack(0x0000000105600000,0x0000000105700000)]
  0x0000014d55a81000 JavaThread "Unconstrained build operations Thread 29" [_thread_blocked, id=14592, stack(0x0000000105700000,0x0000000105800000)]
  0x0000014d55a7b800 JavaThread "Unconstrained build operations Thread 30" [_thread_blocked, id=10660, stack(0x0000000105800000,0x0000000105900000)]
  0x0000014d55a82000 JavaThread "Unconstrained build operations Thread 31" [_thread_blocked, id=14168, stack(0x0000000105900000,0x0000000105a00000)]
  0x0000014d55a7c000 JavaThread "Unconstrained build operations Thread 32" [_thread_blocked, id=16448, stack(0x0000000105a00000,0x0000000105b00000)]
  0x0000014d55a83000 JavaThread "Unconstrained build operations Thread 33" [_thread_blocked, id=13204, stack(0x0000000105b00000,0x0000000105c00000)]
  0x0000014d55a7d000 JavaThread "Unconstrained build operations Thread 34" [_thread_blocked, id=16976, stack(0x0000000105c00000,0x0000000105d00000)]
  0x0000014d55a7e800 JavaThread "Unconstrained build operations Thread 35" [_thread_blocked, id=16992, stack(0x0000000105d00000,0x0000000105e00000)]
  0x0000014d55a7f800 JavaThread "Unconstrained build operations Thread 36" [_thread_blocked, id=11300, stack(0x0000000105e00000,0x0000000105f00000)]
  0x0000014d532b1000 JavaThread "Unconstrained build operations Thread 37" [_thread_blocked, id=12572, stack(0x0000000105f00000,0x0000000106000000)]
  0x0000014d532b2000 JavaThread "Unconstrained build operations Thread 38" [_thread_blocked, id=14560, stack(0x0000000106000000,0x0000000106100000)]
  0x0000014d532ae800 JavaThread "Unconstrained build operations Thread 39" [_thread_blocked, id=16412, stack(0x0000000106100000,0x0000000106200000)]
  0x0000014d532ad000 JavaThread "Unconstrained build operations Thread 40" [_thread_blocked, id=13072, stack(0x0000000106200000,0x0000000106300000)]
  0x0000014d532b2800 JavaThread "Unconstrained build operations Thread 41" [_thread_blocked, id=17220, stack(0x0000000106300000,0x0000000106400000)]
  0x0000014d532b3800 JavaThread "Unconstrained build operations Thread 42" [_thread_blocked, id=14104, stack(0x0000000106400000,0x0000000106500000)]
  0x0000014d532af800 JavaThread "Unconstrained build operations Thread 43" [_thread_blocked, id=17216, stack(0x0000000106500000,0x0000000106600000)]
  0x0000014d532ad800 JavaThread "Unconstrained build operations Thread 44" [_thread_blocked, id=15396, stack(0x0000000106600000,0x0000000106700000)]
  0x0000014d532b4800 JavaThread "Unconstrained build operations Thread 45" [_thread_blocked, id=8848, stack(0x0000000106700000,0x0000000106800000)]
  0x0000014d532b5000 JavaThread "Unconstrained build operations Thread 46" [_thread_blocked, id=3832, stack(0x0000000106800000,0x0000000106900000)]
  0x0000014d532b6000 JavaThread "Unconstrained build operations Thread 47" [_thread_blocked, id=16232, stack(0x0000000106900000,0x0000000106a00000)]
  0x0000014d532b0000 JavaThread "Unconstrained build operations Thread 48" [_thread_blocked, id=8832, stack(0x0000000106a00000,0x0000000106b00000)]
  0x0000014d532b6800 JavaThread "Unconstrained build operations Thread 49" [_thread_blocked, id=13784, stack(0x0000000106b00000,0x0000000106c00000)]
  0x0000014d532bb800 JavaThread "Unconstrained build operations Thread 50" [_thread_blocked, id=15136, stack(0x0000000106c00000,0x0000000106d00000)]
  0x0000014d532bb000 JavaThread "Unconstrained build operations Thread 51" [_thread_blocked, id=15188, stack(0x0000000106d00000,0x0000000106e00000)]
  0x0000014d532b7800 JavaThread "Unconstrained build operations Thread 52" [_thread_blocked, id=15072, stack(0x0000000106e00000,0x0000000106f00000)]
  0x0000014d532b8800 JavaThread "Unconstrained build operations Thread 53" [_thread_blocked, id=14516, stack(0x0000000106f00000,0x0000000107000000)]
  0x0000014d532b9000 JavaThread "Unconstrained build operations Thread 54" [_thread_blocked, id=14316, stack(0x0000000107000000,0x0000000107100000)]
  0x0000014d532ba000 JavaThread "Unconstrained build operations Thread 55" [_thread_blocked, id=17404, stack(0x0000000107100000,0x0000000107200000)]
  0x0000014d55a58000 JavaThread "Unconstrained build operations Thread 56" [_thread_blocked, id=15912, stack(0x0000000107200000,0x0000000107300000)]
  0x0000014d55a57800 JavaThread "Unconstrained build operations Thread 57" [_thread_blocked, id=6604, stack(0x0000000107300000,0x0000000107400000)]
  0x0000014d55a55800 JavaThread "Unconstrained build operations Thread 58" [_thread_blocked, id=15796, stack(0x0000000107400000,0x0000000107500000)]
  0x0000014d55a54000 JavaThread "Unconstrained build operations Thread 59" [_thread_blocked, id=3148, stack(0x0000000107500000,0x0000000107600000)]
  0x0000014d55a56800 JavaThread "Unconstrained build operations Thread 60" [_thread_blocked, id=13332, stack(0x0000000107600000,0x0000000107700000)]
  0x0000014d55a59000 JavaThread "Unconstrained build operations Thread 61" [_thread_blocked, id=4172, stack(0x0000000107700000,0x0000000107800000)]
  0x0000014d55a5a000 JavaThread "Unconstrained build operations Thread 62" [_thread_blocked, id=15080, stack(0x0000000107800000,0x0000000107900000)]
  0x0000014d55a5a800 JavaThread "Unconstrained build operations Thread 63" [_thread_blocked, id=6704, stack(0x0000000107900000,0x0000000107a00000)]
  0x0000014d55a55000 JavaThread "Unconstrained build operations Thread 64" [_thread_blocked, id=4952, stack(0x0000000107a00000,0x0000000107b00000)]
  0x0000014d55a5e000 JavaThread "Unconstrained build operations Thread 65" [_thread_blocked, id=2100, stack(0x0000000107b00000,0x0000000107c00000)]
  0x0000014d55a5f800 JavaThread "Unconstrained build operations Thread 66" [_thread_blocked, id=12732, stack(0x0000000107c00000,0x0000000107d00000)]
  0x0000014d55a5e800 JavaThread "Unconstrained build operations Thread 67" [_thread_blocked, id=12224, stack(0x0000000107d00000,0x0000000107e00000)]
  0x0000014d55a60800 JavaThread "Unconstrained build operations Thread 68" [_thread_blocked, id=17132, stack(0x0000000107e00000,0x0000000107f00000)]
  0x0000014d55a5c000 JavaThread "Unconstrained build operations Thread 69" [_thread_blocked, id=12248, stack(0x0000000107f00000,0x0000000108000000)]
  0x0000014d55a5d000 JavaThread "Unconstrained build operations Thread 70" [_thread_blocked, id=15612, stack(0x0000000108000000,0x0000000108100000)]
  0x0000014d55a61000 JavaThread "Unconstrained build operations Thread 71" [_thread_blocked, id=14472, stack(0x0000000108100000,0x0000000108200000)]
  0x0000014d55a5b800 JavaThread "Unconstrained build operations Thread 72" [_thread_blocked, id=17128, stack(0x0000000108200000,0x0000000108300000)]
  0x0000014d55a62000 JavaThread "Unconstrained build operations Thread 73" [_thread_blocked, id=17184, stack(0x0000000108300000,0x0000000108400000)]
  0x0000014d55a63000 JavaThread "Unconstrained build operations Thread 74" [_thread_blocked, id=10404, stack(0x0000000108400000,0x0000000108500000)]
  0x0000014d517cf800 JavaThread "Unconstrained build operations Thread 75" [_thread_blocked, id=17140, stack(0x0000000108500000,0x0000000108600000)]
  0x0000014d517d0800 JavaThread "Unconstrained build operations Thread 76" [_thread_blocked, id=17304, stack(0x0000000108600000,0x0000000108700000)]
  0x0000014d517d1000 JavaThread "Unconstrained build operations Thread 77" [_thread_blocked, id=15720, stack(0x0000000108700000,0x0000000108800000)]
  0x0000014d517cf000 JavaThread "Unconstrained build operations Thread 78" [_thread_blocked, id=17292, stack(0x0000000108800000,0x0000000108900000)]
  0x0000014d517cd000 JavaThread "Unconstrained build operations Thread 79" [_thread_blocked, id=13824, stack(0x0000000108900000,0x0000000108a00000)]
  0x0000014d517d2000 JavaThread "Unconstrained build operations Thread 80" [_thread_blocked, id=16808, stack(0x0000000108a00000,0x0000000108b00000)]
  0x0000014d517cc800 JavaThread "jar transforms Thread 4" [_thread_blocked, id=15696, stack(0x0000000108b00000,0x0000000108c00000)]
  0x0000014d517d3000 JavaThread "jar transforms Thread 5" [_thread_blocked, id=16340, stack(0x0000000108c00000,0x0000000108d00000)]
  0x0000014d517d3800 JavaThread "jar transforms Thread 6" [_thread_blocked, id=17244, stack(0x0000000108d00000,0x0000000108e00000)]
  0x0000014d517ce000 JavaThread "jar transforms Thread 7" [_thread_blocked, id=7356, stack(0x0000000108e00000,0x0000000108f00000)]
  0x0000014d517d5800 JavaThread "jar transforms Thread 8" [_thread_blocked, id=1628, stack(0x0000000108f00000,0x0000000109000000)]
  0x0000014d517d6000 JavaThread "Memory manager" [_thread_blocked, id=5060, stack(0x0000000109000000,0x0000000109100000)]
  0x0000014d517d4800 JavaThread "included builds" [_thread_blocked, id=17180, stack(0x0000000109200000,0x0000000109300000)]
  0x0000014d58b98800 JavaThread "Cache worker for execution history cache (D:\Calculatormaster\.gradle\7.4\executionHistory)" [_thread_blocked, id=17344, stack(0x0000000109a00000,0x0000000109b00000)]
  0x0000014d58b95000 JavaThread "WorkerExecutor Queue" [_thread_blocked, id=9280, stack(0x0000000109b00000,0x0000000109c00000)]
  0x0000014d55a66800 JavaThread "C2 CompilerThread1" daemon [_thread_in_native, id=8704, stack(0x0000000102c00000,0x0000000102d00000)]
=>0x0000014d55a65000 JavaThread "C2 CompilerThread2" daemon [_thread_in_native, id=4656, stack(0x0000000102d00000,0x0000000102e00000)]
  0x0000014d58b9e000 JavaThread "WorkerExecutor Queue Thread 2" [_thread_blocked, id=14196, stack(0x0000000109f00000,0x000000010a000000)]
  0x0000014d58b9f000 JavaThread "ForkJoinPool.commonPool-worker-3" daemon [_thread_blocked, id=15676, stack(0x000000010a000000,0x000000010a100000)]
  0x0000014d58ba2800 JavaThread "ForkJoinPool.commonPool-worker-5" daemon [_thread_blocked, id=17396, stack(0x000000010a100000,0x000000010a200000)]
  0x0000014d58b9c800 JavaThread "ForkJoinPool.commonPool-worker-7" daemon [_thread_blocked, id=15536, stack(0x000000010a200000,0x000000010a300000)]
  0x0000014d58ba1800 JavaThread "ForkJoinPool.commonPool-worker-9" daemon [_thread_blocked, id=17052, stack(0x000000010a300000,0x000000010a400000)]
  0x0000014d58ba3000 JavaThread "ForkJoinPool.commonPool-worker-11" daemon [_thread_blocked, id=15000, stack(0x000000010a400000,0x000000010a500000)]
  0x0000014d58ba0000 JavaThread "ForkJoinPool.commonPool-worker-13" daemon [_thread_blocked, id=3980, stack(0x000000010a500000,0x000000010a600000)]
  0x0000014d58ba0800 JavaThread "ForkJoinPool.commonPool-worker-15" daemon [_thread_blocked, id=14932, stack(0x000000010a600000,0x000000010a700000)]

Other Threads:
  0x0000014d7ecad000 VMThread "VM Thread" [stack: 0x0000000100c00000,0x0000000100d00000] [id=11376]
  0x0000014d7f705000 WatcherThread [stack: 0x0000000101600000,0x0000000101700000] [id=14140]
  0x0000014d757f5000 GCTaskThread "GC Thread#0" [stack: 0x0000000100700000,0x0000000100800000] [id=14768]
  0x0000014d52038800 GCTaskThread "GC Thread#1" [stack: 0x0000000101900000,0x0000000101a00000] [id=16732]
  0x0000014d51ed7000 GCTaskThread "GC Thread#2" [stack: 0x0000000101a00000,0x0000000101b00000] [id=16640]
  0x0000014d51ed7800 GCTaskThread "GC Thread#3" [stack: 0x0000000101b00000,0x0000000101c00000] [id=16692]
  0x0000014d51a2c000 GCTaskThread "GC Thread#4" [stack: 0x0000000101c00000,0x0000000101d00000] [id=1932]
  0x0000014d51a2d000 GCTaskThread "GC Thread#5" [stack: 0x0000000101d00000,0x0000000101e00000] [id=16496]
  0x0000014d52fb7000 GCTaskThread "GC Thread#6" [stack: 0x0000000102900000,0x0000000102a00000] [id=16728]
  0x0000014d53b68000 GCTaskThread "GC Thread#7" [stack: 0x0000000102a00000,0x0000000102b00000] [id=16428]
  0x0000014d75825000 ConcurrentGCThread "G1 Main Marker" [stack: 0x0000000100800000,0x0000000100900000] [id=15724]
  0x0000014d75828000 ConcurrentGCThread "G1 Conc#0" [stack: 0x0000000100900000,0x0000000100a00000] [id=16884]
  0x0000014d5278b800 ConcurrentGCThread "G1 Conc#1" [stack: 0x0000000102b00000,0x0000000102c00000] [id=16424]
  0x0000014d7eb2c800 ConcurrentGCThread "G1 Refine#0" [stack: 0x0000000100a00000,0x0000000100b00000] [id=15532]
  0x0000014d7eb2f800 ConcurrentGCThread "G1 Young RemSet Sampling" [stack: 0x0000000100b00000,0x0000000100c00000] [id=5924]

Threads with active compile tasks:
C2 CompilerThread0  14795 12379       4       java.util.TreeMap::fixAfterInsertion (267 bytes)
C1 CompilerThread0  14795 12440       3       com.google.common.collect.EnumMultiset::checkIsE (82 bytes)
C2 CompilerThread1  14795 12355       4       org.gradle.internal.classloader.FilteringClassLoader::classAllowed (80 bytes)
C2 CompilerThread2  14796 12340   !   4       java.io.ObjectOutputStream::writeObject0 (619 bytes)

VM state:not at safepoint (normal execution)

VM Mutex/Monitor currently owned by a thread:  ([mutex/lock_event])
[0x0000014d757dd330] CodeCache_lock - owner thread: 0x0000014d7f55e800
[0x0000014d737a9ff0] Compile_lock - owner thread: 0x0000014d7f55e800
[0x0000014d737aa080] MethodCompileQueue_lock - owner thread: 0x0000014d7f55e800

Heap address: 0x0000000080000000, size: 2048 MB, Compressed Oops mode: 32-bit
Narrow klass base: 0x0000014d11000000, Narrow klass shift: 0
Compressed class space size: 1073741824 Address: 0x0000014d11000000

Heap:
 garbage-first heap   total 262144K, used 185502K [0x0000000080000000, 0x0000000100000000)
  region size 1024K, 77 young (78848K), 15 survivors (15360K)
 Metaspace       used 99418K, capacity 101901K, committed 102184K, reserved 1138688K
  class space    used 12771K, capacity 13739K, committed 13772K, reserved 1048576K
Heap Regions: E=young(eden), S=young(survivor), O=old, HS=humongous(starts), HC=humongous(continues), CS=collection set, F=free, A=archive, TAMS=top-at-mark-start (previous, next)
|   0|0x0000000080000000, 0x0000000080100000, 0x0000000080100000|100%| O|  |TAMS 0x0000000080100000, 0x0000000080000000| Untracked 
|   1|0x0000000080100000, 0x0000000080200000, 0x0000000080200000|100%| O|  |TAMS 0x0000000080200000, 0x0000000080100000| Untracked 
|   2|0x0000000080200000, 0x0000000080300000, 0x0000000080300000|100%| O|  |TAMS 0x0000000080300000, 0x0000000080200000| Untracked 
|   3|0x0000000080300000, 0x0000000080400000, 0x0000000080400000|100%|HS|  |TAMS 0x0000000080400000, 0x0000000080300000| Complete 
|   4|0x0000000080400000, 0x0000000080500000, 0x0000000080500000|100%|HC|  |TAMS 0x0000000080500000, 0x0000000080400000| Complete 
|   5|0x0000000080500000, 0x0000000080600000, 0x0000000080600000|100%|HC|  |TAMS 0x0000000080600000, 0x0000000080500000| Complete 
|   6|0x0000000080600000, 0x0000000080700000, 0x0000000080700000|100%| O|  |TAMS 0x0000000080700000, 0x0000000080600000| Untracked 
|   7|0x0000000080700000, 0x0000000080800000, 0x0000000080800000|100%| O|  |TAMS 0x0000000080800000, 0x0000000080700000| Untracked 
|   8|0x0000000080800000, 0x0000000080900000, 0x0000000080900000|100%| O|  |TAMS 0x0000000080900000, 0x0000000080800000| Untracked 
|   9|0x0000000080900000, 0x0000000080a00000, 0x0000000080a00000|100%| O|  |TAMS 0x0000000080a00000, 0x0000000080900000| Untracked 
|  10|0x0000000080a00000, 0x0000000080b00000, 0x0000000080b00000|100%| O|  |TAMS 0x0000000080b00000, 0x0000000080a00000| Untracked 
|  11|0x0000000080b00000, 0x0000000080c00000, 0x0000000080c00000|100%| O|  |TAMS 0x0000000080c00000, 0x0000000080b00000| Untracked 
|  12|0x0000000080c00000, 0x0000000080d00000, 0x0000000080d00000|100%| O|  |TAMS 0x0000000080d00000, 0x0000000080c00000| Untracked 
|  13|0x0000000080d00000, 0x0000000080e00000, 0x0000000080e00000|100%| O|  |TAMS 0x0000000080e00000, 0x0000000080d00000| Untracked 
|  14|0x0000000080e00000, 0x0000000080f00000, 0x0000000080f00000|100%| O|  |TAMS 0x0000000080f00000, 0x0000000080e00000| Untracked 
|  15|0x0000000080f00000, 0x0000000081000000, 0x0000000081000000|100%| O|  |TAMS 0x0000000081000000, 0x0000000080f00000| Untracked 
|  16|0x0000000081000000, 0x0000000081100000, 0x0000000081100000|100%| O|  |TAMS 0x0000000081100000, 0x0000000081000000| Untracked 
|  17|0x0000000081100000, 0x0000000081200000, 0x0000000081200000|100%|HS|  |TAMS 0x0000000081200000, 0x0000000081100000| Complete 
|  18|0x0000000081200000, 0x0000000081300000, 0x0000000081300000|100%|HS|  |TAMS 0x0000000081300000, 0x0000000081200000| Complete 
|  19|0x0000000081300000, 0x0000000081400000, 0x0000000081400000|100%|HS|  |TAMS 0x0000000081400000, 0x0000000081300000| Complete 
|  20|0x0000000081400000, 0x0000000081500000, 0x0000000081500000|100%|HS|  |TAMS 0x0000000081500000, 0x0000000081400000| Complete 
|  21|0x0000000081500000, 0x0000000081600000, 0x0000000081600000|100%|HC|  |TAMS 0x0000000081600000, 0x0000000081500000| Complete 
|  22|0x0000000081600000, 0x0000000081700000, 0x0000000081700000|100%|HC|  |TAMS 0x0000000081700000, 0x0000000081600000| Complete 
|  23|0x0000000081700000, 0x0000000081800000, 0x0000000081800000|100%|HC|  |TAMS 0x0000000081800000, 0x0000000081700000| Complete 
|  24|0x0000000081800000, 0x0000000081900000, 0x0000000081900000|100%| O|  |TAMS 0x0000000081900000, 0x0000000081800000| Untracked 
|  25|0x0000000081900000, 0x0000000081a00000, 0x0000000081a00000|100%|HS|  |TAMS 0x0000000081a00000, 0x0000000081900000| Complete 
|  26|0x0000000081a00000, 0x0000000081b00000, 0x0000000081b00000|100%|HC|  |TAMS 0x0000000081b00000, 0x0000000081a00000| Complete 
|  27|0x0000000081b00000, 0x0000000081c00000, 0x0000000081c00000|100%| O|  |TAMS 0x0000000081c00000, 0x0000000081b00000| Untracked 
|  28|0x0000000081c00000, 0x0000000081d00000, 0x0000000081d00000|100%| O|  |TAMS 0x0000000081d00000, 0x0000000081c00000| Untracked 
|  29|0x0000000081d00000, 0x0000000081e00000, 0x0000000081e00000|100%| O|  |TAMS 0x0000000081e00000, 0x0000000081d00000| Untracked 
|  30|0x0000000081e00000, 0x0000000081f00000, 0x0000000081f00000|100%| O|  |TAMS 0x0000000081f00000, 0x0000000081e00000| Untracked 
|  31|0x0000000081f00000, 0x0000000082000000, 0x0000000082000000|100%| O|  |TAMS 0x0000000082000000, 0x0000000081f00000| Untracked 
|  32|0x0000000082000000, 0x0000000082100000, 0x0000000082100000|100%| O|  |TAMS 0x0000000082100000, 0x0000000082000000| Untracked 
|  33|0x0000000082100000, 0x0000000082200000, 0x0000000082200000|100%| O|  |TAMS 0x0000000082200000, 0x0000000082100000| Untracked 
|  34|0x0000000082200000, 0x0000000082300000, 0x0000000082300000|100%| O|  |TAMS 0x0000000082300000, 0x0000000082200000| Untracked 
|  35|0x0000000082300000, 0x0000000082400000, 0x0000000082400000|100%| O|  |TAMS 0x0000000082400000, 0x0000000082300000| Untracked 
|  36|0x0000000082400000, 0x0000000082500000, 0x0000000082500000|100%| O|  |TAMS 0x0000000082500000, 0x0000000082400000| Untracked 
|  37|0x0000000082500000, 0x0000000082600000, 0x0000000082600000|100%| O|  |TAMS 0x0000000082600000, 0x0000000082500000| Untracked 
|  38|0x0000000082600000, 0x0000000082700000, 0x0000000082700000|100%| O|  |TAMS 0x0000000082700000, 0x0000000082600000| Untracked 
|  39|0x0000000082700000, 0x0000000082800000, 0x0000000082800000|100%| O|  |TAMS 0x0000000082800000, 0x0000000082700000| Untracked 
|  40|0x0000000082800000, 0x0000000082900000, 0x0000000082900000|100%| O|  |TAMS 0x0000000082900000, 0x0000000082800000| Untracked 
|  41|0x0000000082900000, 0x0000000082a00000, 0x0000000082a00000|100%| O|  |TAMS 0x0000000082a00000, 0x0000000082900000| Untracked 
|  42|0x0000000082a00000, 0x0000000082b00000, 0x0000000082b00000|100%| O|  |TAMS 0x0000000082b00000, 0x0000000082a00000| Untracked 
|  43|0x0000000082b00000, 0x0000000082c00000, 0x0000000082c00000|100%| O|  |TAMS 0x0000000082c00000, 0x0000000082b00000| Untracked 
|  44|0x0000000082c00000, 0x0000000082d00000, 0x0000000082d00000|100%| O|  |TAMS 0x0000000082d00000, 0x0000000082c00000| Untracked 
|  45|0x0000000082d00000, 0x0000000082e00000, 0x0000000082e00000|100%| O|  |TAMS 0x0000000082e00000, 0x0000000082d00000| Untracked 
|  46|0x0000000082e00000, 0x0000000082f00000, 0x0000000082f00000|100%| O|  |TAMS 0x0000000082f00000, 0x0000000082e00000| Untracked 
|  47|0x0000000082f00000, 0x0000000083000000, 0x0000000083000000|100%| O|  |TAMS 0x0000000083000000, 0x0000000082f00000| Untracked 
|  48|0x0000000083000000, 0x0000000083100000, 0x0000000083100000|100%| O|  |TAMS 0x0000000083100000, 0x0000000083000000| Untracked 
|  49|0x0000000083100000, 0x0000000083200000, 0x0000000083200000|100%| O|  |TAMS 0x0000000083118400, 0x0000000083100000| Untracked 
|  50|0x0000000083200000, 0x0000000083300000, 0x0000000083300000|100%| O|  |TAMS 0x0000000083200000, 0x0000000083200000| Untracked 
|  51|0x0000000083300000, 0x0000000083400000, 0x0000000083400000|100%| O|  |TAMS 0x0000000083300000, 0x0000000083300000| Untracked 
|  52|0x0000000083400000, 0x0000000083500000, 0x0000000083500000|100%| O|  |TAMS 0x0000000083400000, 0x0000000083400000| Untracked 
|  53|0x0000000083500000, 0x0000000083600000, 0x0000000083600000|100%| O|  |TAMS 0x0000000083500000, 0x0000000083500000| Untracked 
|  54|0x0000000083600000, 0x0000000083700000, 0x0000000083700000|100%| O|  |TAMS 0x0000000083600000, 0x0000000083600000| Untracked 
|  55|0x0000000083700000, 0x0000000083800000, 0x0000000083800000|100%| O|  |TAMS 0x0000000083700000, 0x0000000083700000| Untracked 
|  56|0x0000000083800000, 0x0000000083900000, 0x0000000083900000|100%| O|  |TAMS 0x0000000083800000, 0x0000000083800000| Untracked 
|  57|0x0000000083900000, 0x0000000083a00000, 0x0000000083a00000|100%| O|  |TAMS 0x0000000083900000, 0x0000000083900000| Untracked 
|  58|0x0000000083a00000, 0x0000000083b00000, 0x0000000083b00000|100%| O|  |TAMS 0x0000000083a00000, 0x0000000083a00000| Untracked 
|  59|0x0000000083b00000, 0x0000000083c00000, 0x0000000083c00000|100%| O|  |TAMS 0x0000000083b00000, 0x0000000083b00000| Untracked 
|  60|0x0000000083c00000, 0x0000000083d00000, 0x0000000083d00000|100%| O|  |TAMS 0x0000000083c00000, 0x0000000083c00000| Untracked 
|  61|0x0000000083d00000, 0x0000000083e00000, 0x0000000083e00000|100%| O|  |TAMS 0x0000000083d00000, 0x0000000083d00000| Untracked 
|  62|0x0000000083e00000, 0x0000000083f00000, 0x0000000083f00000|100%| O|  |TAMS 0x0000000083e00000, 0x0000000083e00000| Untracked 
|  63|0x0000000083f00000, 0x0000000084000000, 0x0000000084000000|100%| O|  |TAMS 0x0000000083f00000, 0x0000000083f00000| Untracked 
|  64|0x0000000084000000, 0x0000000084100000, 0x0000000084100000|100%| O|  |TAMS 0x0000000084000000, 0x0000000084000000| Untracked 
|  65|0x0000000084100000, 0x0000000084200000, 0x0000000084200000|100%| O|  |TAMS 0x0000000084100000, 0x0000000084100000| Untracked 
|  66|0x0000000084200000, 0x0000000084300000, 0x0000000084300000|100%| O|  |TAMS 0x0000000084200000, 0x0000000084200000| Untracked 
|  67|0x0000000084300000, 0x0000000084400000, 0x0000000084400000|100%| O|  |TAMS 0x0000000084300000, 0x0000000084300000| Untracked 
|  68|0x0000000084400000, 0x0000000084500000, 0x0000000084500000|100%| O|  |TAMS 0x0000000084400000, 0x0000000084400000| Untracked 
|  69|0x0000000084500000, 0x0000000084600000, 0x0000000084600000|100%| O|  |TAMS 0x0000000084500000, 0x0000000084500000| Untracked 
|  70|0x0000000084600000, 0x0000000084700000, 0x0000000084700000|100%| O|  |TAMS 0x0000000084600000, 0x0000000084600000| Untracked 
|  71|0x0000000084700000, 0x0000000084800000, 0x0000000084800000|100%| O|  |TAMS 0x0000000084700000, 0x0000000084700000| Untracked 
|  72|0x0000000084800000, 0x0000000084900000, 0x0000000084900000|100%| O|  |TAMS 0x0000000084800000, 0x0000000084800000| Untracked 
|  73|0x0000000084900000, 0x0000000084a00000, 0x0000000084a00000|100%| O|  |TAMS 0x0000000084900000, 0x0000000084900000| Untracked 
|  74|0x0000000084a00000, 0x0000000084b00000, 0x0000000084b00000|100%| O|  |TAMS 0x0000000084a00000, 0x0000000084a00000| Untracked 
|  75|0x0000000084b00000, 0x0000000084c00000, 0x0000000084c00000|100%| O|  |TAMS 0x0000000084b00000, 0x0000000084b00000| Untracked 
|  76|0x0000000084c00000, 0x0000000084c27a00, 0x0000000084d00000| 15%| O|  |TAMS 0x0000000084c00000, 0x0000000084c00000| Untracked 
|  77|0x0000000084d00000, 0x0000000084e00000, 0x0000000084e00000|100%|HS|  |TAMS 0x0000000084d00000, 0x0000000084d00000| Complete 
|  78|0x0000000084e00000, 0x0000000084f00000, 0x0000000084f00000|100%|HC|  |TAMS 0x0000000084e00000, 0x0000000084e00000| Complete 
|  79|0x0000000084f00000, 0x0000000085000000, 0x0000000085000000|100%|HC|  |TAMS 0x0000000084f00000, 0x0000000084f00000| Complete 
|  80|0x0000000085000000, 0x0000000085100000, 0x0000000085100000|100%|HC|  |TAMS 0x0000000085000000, 0x0000000085000000| Complete 
|  81|0x0000000085100000, 0x0000000085200000, 0x0000000085200000|100%|HC|  |TAMS 0x0000000085100000, 0x0000000085100000| Complete 
|  82|0x0000000085200000, 0x0000000085300000, 0x0000000085300000|100%|HC|  |TAMS 0x0000000085200000, 0x0000000085200000| Complete 
|  83|0x0000000085300000, 0x0000000085400000, 0x0000000085400000|100%|HC|  |TAMS 0x0000000085300000, 0x0000000085300000| Complete 
|  84|0x0000000085400000, 0x0000000085500000, 0x0000000085500000|100%|HC|  |TAMS 0x0000000085400000, 0x0000000085400000| Complete 
|  85|0x0000000085500000, 0x0000000085600000, 0x0000000085600000|100%|HC|  |TAMS 0x0000000085500000, 0x0000000085500000| Complete 
|  86|0x0000000085600000, 0x0000000085700000, 0x0000000085700000|100%|HC|  |TAMS 0x0000000085600000, 0x0000000085600000| Complete 
|  87|0x0000000085700000, 0x0000000085800000, 0x0000000085800000|100%|HS|  |TAMS 0x0000000085700000, 0x0000000085700000| Complete 
|  88|0x0000000085800000, 0x0000000085900000, 0x0000000085900000|100%|HC|  |TAMS 0x0000000085800000, 0x0000000085800000| Complete 
|  89|0x0000000085900000, 0x0000000085a00000, 0x0000000085a00000|100%|HC|  |TAMS 0x0000000085900000, 0x0000000085900000| Complete 
|  90|0x0000000085a00000, 0x0000000085b00000, 0x0000000085b00000|100%|HC|  |TAMS 0x0000000085a00000, 0x0000000085a00000| Complete 
|  91|0x0000000085b00000, 0x0000000085c00000, 0x0000000085c00000|100%|HC|  |TAMS 0x0000000085b00000, 0x0000000085b00000| Complete 
|  92|0x0000000085c00000, 0x0000000085d00000, 0x0000000085d00000|100%|HC|  |TAMS 0x0000000085c00000, 0x0000000085c00000| Complete 
|  93|0x0000000085d00000, 0x0000000085e00000, 0x0000000085e00000|100%|HC|  |TAMS 0x0000000085d00000, 0x0000000085d00000| Complete 
|  94|0x0000000085e00000, 0x0000000085f00000, 0x0000000085f00000|100%|HC|  |TAMS 0x0000000085e00000, 0x0000000085e00000| Complete 
|  95|0x0000000085f00000, 0x0000000086000000, 0x0000000086000000|100%|HC|  |TAMS 0x0000000085f00000, 0x0000000085f00000| Complete 
|  96|0x0000000086000000, 0x0000000086100000, 0x0000000086100000|100%|HC|  |TAMS 0x0000000086000000, 0x0000000086000000| Complete 
|  97|0x0000000086100000, 0x0000000086200000, 0x0000000086200000|100%|HS|  |TAMS 0x0000000086100000, 0x0000000086100000| Complete 
|  98|0x0000000086200000, 0x0000000086300000, 0x0000000086300000|100%|HC|  |TAMS 0x0000000086200000, 0x0000000086200000| Complete 
|  99|0x0000000086300000, 0x0000000086400000, 0x0000000086400000|100%|HS|  |TAMS 0x0000000086300000, 0x0000000086300000| Complete 
| 100|0x0000000086400000, 0x0000000086500000, 0x0000000086500000|100%|HC|  |TAMS 0x0000000086400000, 0x0000000086400000| Complete 
| 101|0x0000000086500000, 0x0000000086600000, 0x0000000086600000|100%|HS|  |TAMS 0x0000000086500000, 0x0000000086500000| Complete 
| 102|0x0000000086600000, 0x0000000086700000, 0x0000000086700000|100%|HC|  |TAMS 0x0000000086600000, 0x0000000086600000| Complete 
| 103|0x0000000086700000, 0x0000000086800000, 0x0000000086800000|100%|HS|  |TAMS 0x0000000086700000, 0x0000000086700000| Complete 
| 104|0x0000000086800000, 0x0000000086900000, 0x0000000086900000|100%|HC|  |TAMS 0x0000000086800000, 0x0000000086800000| Complete 
| 105|0x0000000086900000, 0x0000000086a00000, 0x0000000086a00000|100%|HS|  |TAMS 0x0000000086900000, 0x0000000086900000| Complete 
| 106|0x0000000086a00000, 0x0000000086b00000, 0x0000000086b00000|100%|HC|  |TAMS 0x0000000086a00000, 0x0000000086a00000| Complete 
| 107|0x0000000086b00000, 0x0000000086b00000, 0x0000000086c00000|  0%| F|  |TAMS 0x0000000086b00000, 0x0000000086b00000| Untracked 
| 108|0x0000000086c00000, 0x0000000086c00000, 0x0000000086d00000|  0%| F|  |TAMS 0x0000000086c00000, 0x0000000086c00000| Untracked 
| 109|0x0000000086d00000, 0x0000000086d00000, 0x0000000086e00000|  0%| F|  |TAMS 0x0000000086d00000, 0x0000000086d00000| Untracked 
| 110|0x0000000086e00000, 0x0000000086e00000, 0x0000000086f00000|  0%| F|  |TAMS 0x0000000086e00000, 0x0000000086e00000| Untracked 
| 111|0x0000000086f00000, 0x0000000086f00000, 0x0000000087000000|  0%| F|  |TAMS 0x0000000086f00000, 0x0000000086f00000| Untracked 
| 112|0x0000000087000000, 0x0000000087000000, 0x0000000087100000|  0%| F|  |TAMS 0x0000000087000000, 0x0000000087000000| Untracked 
| 113|0x0000000087100000, 0x0000000087100000, 0x0000000087200000|  0%| F|  |TAMS 0x0000000087100000, 0x0000000087100000| Untracked 
| 114|0x0000000087200000, 0x0000000087200000, 0x0000000087300000|  0%| F|  |TAMS 0x0000000087200000, 0x0000000087200000| Untracked 
| 115|0x0000000087300000, 0x0000000087400000, 0x0000000087400000|100%| S|CS|TAMS 0x0000000087300000, 0x0000000087300000| Complete 
| 116|0x0000000087400000, 0x0000000087500000, 0x0000000087500000|100%| S|CS|TAMS 0x0000000087400000, 0x0000000087400000| Complete 
| 117|0x0000000087500000, 0x0000000087600000, 0x0000000087600000|100%| S|CS|TAMS 0x0000000087500000, 0x0000000087500000| Complete 
| 118|0x0000000087600000, 0x0000000087700000, 0x0000000087700000|100%| S|CS|TAMS 0x0000000087600000, 0x0000000087600000| Complete 
| 119|0x0000000087700000, 0x0000000087800000, 0x0000000087800000|100%| S|CS|TAMS 0x0000000087700000, 0x0000000087700000| Complete 
| 120|0x0000000087800000, 0x0000000087900000, 0x0000000087900000|100%| S|CS|TAMS 0x0000000087800000, 0x0000000087800000| Complete 
| 121|0x0000000087900000, 0x0000000087a00000, 0x0000000087a00000|100%| S|CS|TAMS 0x0000000087900000, 0x0000000087900000| Complete 
| 122|0x0000000087a00000, 0x0000000087b00000, 0x0000000087b00000|100%| S|CS|TAMS 0x0000000087a00000, 0x0000000087a00000| Complete 
| 123|0x0000000087b00000, 0x0000000087c00000, 0x0000000087c00000|100%| S|CS|TAMS 0x0000000087b00000, 0x0000000087b00000| Complete 
| 124|0x0000000087c00000, 0x0000000087d00000, 0x0000000087d00000|100%| S|CS|TAMS 0x0000000087c00000, 0x0000000087c00000| Complete 
| 125|0x0000000087d00000, 0x0000000087d00000, 0x0000000087e00000|  0%| F|  |TAMS 0x0000000087d00000, 0x0000000087d00000| Untracked 
| 126|0x0000000087e00000, 0x0000000087e00000, 0x0000000087f00000|  0%| F|  |TAMS 0x0000000087e00000, 0x0000000087e00000| Untracked 
| 127|0x0000000087f00000, 0x0000000087f00000, 0x0000000088000000|  0%| F|  |TAMS 0x0000000087f00000, 0x0000000087f00000| Untracked 
| 128|0x0000000088000000, 0x0000000088000000, 0x0000000088100000|  0%| F|  |TAMS 0x0000000088000000, 0x0000000088000000| Untracked 
| 129|0x0000000088100000, 0x0000000088100000, 0x0000000088200000|  0%| F|  |TAMS 0x0000000088100000, 0x0000000088100000| Untracked 
| 130|0x0000000088200000, 0x0000000088200000, 0x0000000088300000|  0%| F|  |TAMS 0x0000000088200000, 0x0000000088200000| Untracked 
| 131|0x0000000088300000, 0x0000000088400000, 0x0000000088400000|100%| S|CS|TAMS 0x0000000088300000, 0x0000000088300000| Complete 
| 132|0x0000000088400000, 0x0000000088400000, 0x0000000088500000|  0%| F|  |TAMS 0x0000000088400000, 0x0000000088400000| Untracked 
| 133|0x0000000088500000, 0x0000000088500000, 0x0000000088600000|  0%| F|  |TAMS 0x0000000088500000, 0x0000000088500000| Untracked 
| 134|0x0000000088600000, 0x0000000088600000, 0x0000000088700000|  0%| F|  |TAMS 0x0000000088600000, 0x0000000088600000| Untracked 
| 135|0x0000000088700000, 0x0000000088700000, 0x0000000088800000|  0%| F|  |TAMS 0x0000000088700000, 0x0000000088700000| Untracked 
| 136|0x0000000088800000, 0x0000000088900000, 0x0000000088900000|100%| S|CS|TAMS 0x0000000088800000, 0x0000000088800000| Complete 
| 137|0x0000000088900000, 0x0000000088a00000, 0x0000000088a00000|100%| S|CS|TAMS 0x0000000088900000, 0x0000000088900000| Complete 
| 138|0x0000000088a00000, 0x0000000088b00000, 0x0000000088b00000|100%| S|CS|TAMS 0x0000000088a00000, 0x0000000088a00000| Complete 
| 139|0x0000000088b00000, 0x0000000088c00000, 0x0000000088c00000|100%| S|CS|TAMS 0x0000000088b00000, 0x0000000088b00000| Complete 
| 140|0x0000000088c00000, 0x0000000088c00000, 0x0000000088d00000|  0%| F|  |TAMS 0x0000000088c00000, 0x0000000088c00000| Untracked 
| 141|0x0000000088d00000, 0x0000000088d00000, 0x0000000088e00000|  0%| F|  |TAMS 0x0000000088d00000, 0x0000000088d00000| Untracked 
| 142|0x0000000088e00000, 0x0000000088e00000, 0x0000000088f00000|  0%| F|  |TAMS 0x0000000088e00000, 0x0000000088e00000| Untracked 
| 143|0x0000000088f00000, 0x0000000088f00000, 0x0000000089000000|  0%| F|  |TAMS 0x0000000088f00000, 0x0000000088f00000| Untracked 
| 144|0x0000000089000000, 0x0000000089000000, 0x0000000089100000|  0%| F|  |TAMS 0x0000000089000000, 0x0000000089000000| Untracked 
| 145|0x0000000089100000, 0x0000000089100000, 0x0000000089200000|  0%| F|  |TAMS 0x0000000089100000, 0x0000000089100000| Untracked 
| 146|0x0000000089200000, 0x0000000089200000, 0x0000000089300000|  0%| F|  |TAMS 0x0000000089200000, 0x0000000089200000| Untracked 
| 147|0x0000000089300000, 0x0000000089300000, 0x0000000089400000|  0%| F|  |TAMS 0x0000000089300000, 0x0000000089300000| Untracked 
| 148|0x0000000089400000, 0x0000000089400000, 0x0000000089500000|  0%| F|  |TAMS 0x0000000089400000, 0x0000000089400000| Untracked 
| 149|0x0000000089500000, 0x0000000089500000, 0x0000000089600000|  0%| F|  |TAMS 0x0000000089500000, 0x0000000089500000| Untracked 
| 150|0x0000000089600000, 0x0000000089600000, 0x0000000089700000|  0%| F|  |TAMS 0x0000000089600000, 0x0000000089600000| Untracked 
| 151|0x0000000089700000, 0x0000000089700000, 0x0000000089800000|  0%| F|  |TAMS 0x0000000089700000, 0x0000000089700000| Untracked 
| 152|0x0000000089800000, 0x0000000089800000, 0x0000000089900000|  0%| F|  |TAMS 0x0000000089800000, 0x0000000089800000| Untracked 
| 153|0x0000000089900000, 0x0000000089900000, 0x0000000089a00000|  0%| F|  |TAMS 0x0000000089900000, 0x0000000089900000| Untracked 
| 154|0x0000000089a00000, 0x0000000089a00000, 0x0000000089b00000|  0%| F|  |TAMS 0x0000000089a00000, 0x0000000089a00000| Untracked 
| 155|0x0000000089b00000, 0x0000000089b00000, 0x0000000089c00000|  0%| F|  |TAMS 0x0000000089b00000, 0x0000000089b00000| Untracked 
| 156|0x0000000089c00000, 0x0000000089c00000, 0x0000000089d00000|  0%| F|  |TAMS 0x0000000089c00000, 0x0000000089c00000| Untracked 
| 157|0x0000000089d00000, 0x0000000089d00000, 0x0000000089e00000|  0%| F|  |TAMS 0x0000000089d00000, 0x0000000089d00000| Untracked 
| 158|0x0000000089e00000, 0x0000000089e00000, 0x0000000089f00000|  0%| F|  |TAMS 0x0000000089e00000, 0x0000000089e00000| Untracked 
| 159|0x0000000089f00000, 0x0000000089f00000, 0x000000008a000000|  0%| F|  |TAMS 0x0000000089f00000, 0x0000000089f00000| Untracked 
| 160|0x000000008a000000, 0x000000008a000000, 0x000000008a100000|  0%| F|  |TAMS 0x000000008a000000, 0x000000008a000000| Untracked 
| 161|0x000000008a100000, 0x000000008a100000, 0x000000008a200000|  0%| F|  |TAMS 0x000000008a100000, 0x000000008a100000| Untracked 
| 162|0x000000008a200000, 0x000000008a200000, 0x000000008a300000|  0%| F|  |TAMS 0x000000008a200000, 0x000000008a200000| Untracked 
| 163|0x000000008a300000, 0x000000008a300000, 0x000000008a400000|  0%| F|  |TAMS 0x000000008a300000, 0x000000008a300000| Untracked 
| 164|0x000000008a400000, 0x000000008a400000, 0x000000008a500000|  0%| F|  |TAMS 0x000000008a400000, 0x000000008a400000| Untracked 
| 165|0x000000008a500000, 0x000000008a500000, 0x000000008a600000|  0%| F|  |TAMS 0x000000008a500000, 0x000000008a500000| Untracked 
| 166|0x000000008a600000, 0x000000008a600000, 0x000000008a700000|  0%| F|  |TAMS 0x000000008a600000, 0x000000008a600000| Untracked 
| 167|0x000000008a700000, 0x000000008a700000, 0x000000008a800000|  0%| F|  |TAMS 0x000000008a700000, 0x000000008a700000| Untracked 
| 168|0x000000008a800000, 0x000000008a800000, 0x000000008a900000|  0%| F|  |TAMS 0x000000008a800000, 0x000000008a800000| Untracked 
| 169|0x000000008a900000, 0x000000008a900000, 0x000000008aa00000|  0%| F|  |TAMS 0x000000008a900000, 0x000000008a900000| Untracked 
| 170|0x000000008aa00000, 0x000000008aa00000, 0x000000008ab00000|  0%| F|  |TAMS 0x000000008aa00000, 0x000000008aa00000| Untracked 
| 171|0x000000008ab00000, 0x000000008ab00000, 0x000000008ac00000|  0%| F|  |TAMS 0x000000008ab00000, 0x000000008ab00000| Untracked 
| 172|0x000000008ac00000, 0x000000008ac00000, 0x000000008ad00000|  0%| F|  |TAMS 0x000000008ac00000, 0x000000008ac00000| Untracked 
| 173|0x000000008ad00000, 0x000000008ad00000, 0x000000008ae00000|  0%| F|  |TAMS 0x000000008ad00000, 0x000000008ad00000| Untracked 
| 174|0x000000008ae00000, 0x000000008ae00000, 0x000000008af00000|  0%| F|  |TAMS 0x000000008ae00000, 0x000000008ae00000| Untracked 
| 175|0x000000008af00000, 0x000000008af00000, 0x000000008b000000|  0%| F|  |TAMS 0x000000008af00000, 0x000000008af00000| Untracked 
| 176|0x000000008b000000, 0x000000008b000000, 0x000000008b100000|  0%| F|  |TAMS 0x000000008b000000, 0x000000008b000000| Untracked 
| 177|0x000000008b100000, 0x000000008b100000, 0x000000008b200000|  0%| F|  |TAMS 0x000000008b100000, 0x000000008b100000| Untracked 
| 178|0x000000008b200000, 0x000000008b200000, 0x000000008b300000|  0%| F|  |TAMS 0x000000008b200000, 0x000000008b200000| Untracked 
| 179|0x000000008b300000, 0x000000008b300000, 0x000000008b400000|  0%| F|  |TAMS 0x000000008b300000, 0x000000008b300000| Untracked 
| 180|0x000000008b400000, 0x000000008b400000, 0x000000008b500000|  0%| F|  |TAMS 0x000000008b400000, 0x000000008b400000| Untracked 
| 181|0x000000008b500000, 0x000000008b500000, 0x000000008b600000|  0%| F|  |TAMS 0x000000008b500000, 0x000000008b500000| Untracked 
| 182|0x000000008b600000, 0x000000008b600000, 0x000000008b700000|  0%| F|  |TAMS 0x000000008b600000, 0x000000008b600000| Untracked 
| 183|0x000000008b700000, 0x000000008b700000, 0x000000008b800000|  0%| F|  |TAMS 0x000000008b700000, 0x000000008b700000| Untracked 
| 184|0x000000008b800000, 0x000000008b800000, 0x000000008b900000|  0%| F|  |TAMS 0x000000008b800000, 0x000000008b800000| Untracked 
| 185|0x000000008b900000, 0x000000008b900000, 0x000000008ba00000|  0%| F|  |TAMS 0x000000008b900000, 0x000000008b900000| Untracked 
| 186|0x000000008ba00000, 0x000000008ba00000, 0x000000008bb00000|  0%| F|  |TAMS 0x000000008ba00000, 0x000000008ba00000| Untracked 
| 187|0x000000008bb00000, 0x000000008bb00000, 0x000000008bc00000|  0%| F|  |TAMS 0x000000008bb00000, 0x000000008bb00000| Untracked 
| 188|0x000000008bc00000, 0x000000008bc00000, 0x000000008bd00000|  0%| F|  |TAMS 0x000000008bc00000, 0x000000008bc00000| Untracked 
| 189|0x000000008bd00000, 0x000000008bd00000, 0x000000008be00000|  0%| F|  |TAMS 0x000000008bd00000, 0x000000008bd00000| Untracked 
| 190|0x000000008be00000, 0x000000008be00000, 0x000000008bf00000|  0%| F|  |TAMS 0x000000008be00000, 0x000000008be00000| Untracked 
| 191|0x000000008bf00000, 0x000000008bf00000, 0x000000008c000000|  0%| F|  |TAMS 0x000000008bf00000, 0x000000008bf00000| Untracked 
| 192|0x000000008c000000, 0x000000008c000000, 0x000000008c100000|  0%| F|  |TAMS 0x000000008c000000, 0x000000008c000000| Untracked 
| 193|0x000000008c100000, 0x000000008c100800, 0x000000008c200000|  0%| E|  |TAMS 0x000000008c100000, 0x000000008c100000| Complete 
| 194|0x000000008c200000, 0x000000008c300000, 0x000000008c300000|100%| E|CS|TAMS 0x000000008c200000, 0x000000008c200000| Complete 
| 195|0x000000008c300000, 0x000000008c400000, 0x000000008c400000|100%| E|CS|TAMS 0x000000008c300000, 0x000000008c300000| Complete 
| 196|0x000000008c400000, 0x000000008c500000, 0x000000008c500000|100%| E|CS|TAMS 0x000000008c400000, 0x000000008c400000| Complete 
| 197|0x000000008c500000, 0x000000008c600000, 0x000000008c600000|100%| E|CS|TAMS 0x000000008c500000, 0x000000008c500000| Complete 
| 198|0x000000008c600000, 0x000000008c700000, 0x000000008c700000|100%| E|CS|TAMS 0x000000008c600000, 0x000000008c600000| Complete 
| 199|0x000000008c700000, 0x000000008c800000, 0x000000008c800000|100%| E|CS|TAMS 0x000000008c700000, 0x000000008c700000| Complete 
| 200|0x000000008c800000, 0x000000008c900000, 0x000000008c900000|100%| E|CS|TAMS 0x000000008c800000, 0x000000008c800000| Complete 
| 201|0x000000008c900000, 0x000000008ca00000, 0x000000008ca00000|100%| E|CS|TAMS 0x000000008c900000, 0x000000008c900000| Complete 
| 202|0x000000008ca00000, 0x000000008cb00000, 0x000000008cb00000|100%| E|CS|TAMS 0x000000008ca00000, 0x000000008ca00000| Complete 
| 203|0x000000008cb00000, 0x000000008cc00000, 0x000000008cc00000|100%| E|CS|TAMS 0x000000008cb00000, 0x000000008cb00000| Complete 
| 204|0x000000008cc00000, 0x000000008cd00000, 0x000000008cd00000|100%| E|CS|TAMS 0x000000008cc00000, 0x000000008cc00000| Complete 
| 205|0x000000008cd00000, 0x000000008ce00000, 0x000000008ce00000|100%| E|CS|TAMS 0x000000008cd00000, 0x000000008cd00000| Complete 
| 206|0x000000008ce00000, 0x000000008cf00000, 0x000000008cf00000|100%| E|CS|TAMS 0x000000008ce00000, 0x000000008ce00000| Complete 
| 207|0x000000008cf00000, 0x000000008d000000, 0x000000008d000000|100%| E|  |TAMS 0x000000008cf00000, 0x000000008cf00000| Complete 
| 208|0x000000008d000000, 0x000000008d100000, 0x000000008d100000|100%| E|CS|TAMS 0x000000008d000000, 0x000000008d000000| Complete 
| 209|0x000000008d100000, 0x000000008d200000, 0x000000008d200000|100%| E|CS|TAMS 0x000000008d100000, 0x000000008d100000| Complete 
| 210|0x000000008d200000, 0x000000008d300000, 0x000000008d300000|100%| E|CS|TAMS 0x000000008d200000, 0x000000008d200000| Complete 
| 211|0x000000008d300000, 0x000000008d400000, 0x000000008d400000|100%| E|CS|TAMS 0x000000008d300000, 0x000000008d300000| Complete 
| 212|0x000000008d400000, 0x000000008d500000, 0x000000008d500000|100%| E|CS|TAMS 0x000000008d400000, 0x000000008d400000| Complete 
| 213|0x000000008d500000, 0x000000008d600000, 0x000000008d600000|100%| E|CS|TAMS 0x000000008d500000, 0x000000008d500000| Complete 
| 214|0x000000008d600000, 0x000000008d700000, 0x000000008d700000|100%| E|CS|TAMS 0x000000008d600000, 0x000000008d600000| Complete 
| 215|0x000000008d700000, 0x000000008d800000, 0x000000008d800000|100%| E|CS|TAMS 0x000000008d700000, 0x000000008d700000| Complete 
| 216|0x000000008d800000, 0x000000008d900000, 0x000000008d900000|100%| E|CS|TAMS 0x000000008d800000, 0x000000008d800000| Complete 
| 217|0x000000008d900000, 0x000000008da00000, 0x000000008da00000|100%| E|CS|TAMS 0x000000008d900000, 0x000000008d900000| Complete 
| 218|0x000000008da00000, 0x000000008db00000, 0x000000008db00000|100%| E|CS|TAMS 0x000000008da00000, 0x000000008da00000| Complete 
| 219|0x000000008db00000, 0x000000008dc00000, 0x000000008dc00000|100%| E|CS|TAMS 0x000000008db00000, 0x000000008db00000| Complete 
| 220|0x000000008dc00000, 0x000000008dd00000, 0x000000008dd00000|100%| E|CS|TAMS 0x000000008dc00000, 0x000000008dc00000| Complete 
| 221|0x000000008dd00000, 0x000000008de00000, 0x000000008de00000|100%| E|CS|TAMS 0x000000008dd00000, 0x000000008dd00000| Complete 
| 222|0x000000008de00000, 0x000000008df00000, 0x000000008df00000|100%| E|CS|TAMS 0x000000008de00000, 0x000000008de00000| Complete 
| 223|0x000000008df00000, 0x000000008e000000, 0x000000008e000000|100%| E|CS|TAMS 0x000000008df00000, 0x000000008df00000| Complete 
| 224|0x000000008e000000, 0x000000008e100000, 0x000000008e100000|100%| E|CS|TAMS 0x000000008e000000, 0x000000008e000000| Complete 
| 225|0x000000008e100000, 0x000000008e200000, 0x000000008e200000|100%| E|CS|TAMS 0x000000008e100000, 0x000000008e100000| Complete 
| 226|0x000000008e200000, 0x000000008e300000, 0x000000008e300000|100%| E|CS|TAMS 0x000000008e200000, 0x000000008e200000| Complete 
| 227|0x000000008e300000, 0x000000008e400000, 0x000000008e400000|100%| E|CS|TAMS 0x000000008e300000, 0x000000008e300000| Complete 
| 228|0x000000008e400000, 0x000000008e500000, 0x000000008e500000|100%| E|CS|TAMS 0x000000008e400000, 0x000000008e400000| Complete 
| 229|0x000000008e500000, 0x000000008e600000, 0x000000008e600000|100%| E|CS|TAMS 0x000000008e500000, 0x000000008e500000| Complete 
| 230|0x000000008e600000, 0x000000008e700000, 0x000000008e700000|100%| E|CS|TAMS 0x000000008e600000, 0x000000008e600000| Complete 
| 231|0x000000008e700000, 0x000000008e800000, 0x000000008e800000|100%| E|CS|TAMS 0x000000008e700000, 0x000000008e700000| Complete 
| 232|0x000000008e800000, 0x000000008e900000, 0x000000008e900000|100%| E|CS|TAMS 0x000000008e800000, 0x000000008e800000| Complete 
| 233|0x000000008e900000, 0x000000008ea00000, 0x000000008ea00000|100%| E|CS|TAMS 0x000000008e900000, 0x000000008e900000| Complete 
| 234|0x000000008ea00000, 0x000000008eb00000, 0x000000008eb00000|100%| E|CS|TAMS 0x000000008ea00000, 0x000000008ea00000| Complete 
| 235|0x000000008eb00000, 0x000000008ec00000, 0x000000008ec00000|100%| E|CS|TAMS 0x000000008eb00000, 0x000000008eb00000| Complete 
| 236|0x000000008ec00000, 0x000000008ed00000, 0x000000008ed00000|100%| E|CS|TAMS 0x000000008ec00000, 0x000000008ec00000| Complete 
| 237|0x000000008ed00000, 0x000000008ee00000, 0x000000008ee00000|100%| E|CS|TAMS 0x000000008ed00000, 0x000000008ed00000| Complete 
| 238|0x000000008ee00000, 0x000000008ef00000, 0x000000008ef00000|100%| E|CS|TAMS 0x000000008ee00000, 0x000000008ee00000| Complete 
| 239|0x000000008ef00000, 0x000000008f000000, 0x000000008f000000|100%| E|CS|TAMS 0x000000008ef00000, 0x000000008ef00000| Complete 
| 240|0x000000008f000000, 0x000000008f100000, 0x000000008f100000|100%| E|CS|TAMS 0x000000008f000000, 0x000000008f000000| Complete 
| 241|0x000000008f100000, 0x000000008f200000, 0x000000008f200000|100%| E|CS|TAMS 0x000000008f100000, 0x000000008f100000| Complete 
| 242|0x000000008f200000, 0x000000008f300000, 0x000000008f300000|100%| E|CS|TAMS 0x000000008f200000, 0x000000008f200000| Complete 
| 243|0x000000008f300000, 0x000000008f400000, 0x000000008f400000|100%| E|CS|TAMS 0x000000008f300000, 0x000000008f300000| Complete 
| 244|0x000000008f400000, 0x000000008f500000, 0x000000008f500000|100%| E|CS|TAMS 0x000000008f400000, 0x000000008f400000| Complete 
| 245|0x000000008f500000, 0x000000008f600000, 0x000000008f600000|100%| E|CS|TAMS 0x000000008f500000, 0x000000008f500000| Complete 
| 246|0x000000008f600000, 0x000000008f700000, 0x000000008f700000|100%| E|CS|TAMS 0x000000008f600000, 0x000000008f600000| Complete 
| 247|0x000000008f700000, 0x000000008f800000, 0x000000008f800000|100%| E|CS|TAMS 0x000000008f700000, 0x000000008f700000| Complete 
| 248|0x000000008f800000, 0x000000008f900000, 0x000000008f900000|100%| E|CS|TAMS 0x000000008f800000, 0x000000008f800000| Complete 
| 249|0x000000008f900000, 0x000000008fa00000, 0x000000008fa00000|100%| E|CS|TAMS 0x000000008f900000, 0x000000008f900000| Complete 
| 250|0x000000008fa00000, 0x000000008fb00000, 0x000000008fb00000|100%| E|CS|TAMS 0x000000008fa00000, 0x000000008fa00000| Complete 
| 251|0x000000008fb00000, 0x000000008fc00000, 0x000000008fc00000|100%| E|CS|TAMS 0x000000008fb00000, 0x000000008fb00000| Complete 
| 252|0x000000008fc00000, 0x000000008fd00000, 0x000000008fd00000|100%| E|CS|TAMS 0x000000008fc00000, 0x000000008fc00000| Complete 
| 253|0x000000008fd00000, 0x000000008fe00000, 0x000000008fe00000|100%| E|CS|TAMS 0x000000008fd00000, 0x000000008fd00000| Complete 
| 254|0x000000008fe00000, 0x000000008ff00000, 0x000000008ff00000|100%| E|CS|TAMS 0x000000008fe00000, 0x000000008fe00000| Complete 
| 255|0x000000008ff00000, 0x0000000090000000, 0x0000000090000000|100%| E|CS|TAMS 0x000000008ff00000, 0x000000008ff00000| Complete 

Card table byte_map: [0x0000014d79a30000,0x0000014d79e30000] _byte_map_base: 0x0000014d79630000

Marking Bits (Prev, Next): (CMBitMap*) 0x0000014d7581bf58, (CMBitMap*) 0x0000014d7581bf90
 Prev Bits: [0x0000014d7a230000, 0x0000014d7c230000)
 Next Bits: [0x0000014d7c230000, 0x0000014d7e230000)

Polling page: 0x0000014d74fc0000

Metaspace:

Usage:
  Non-class:     86.10 MB capacity,    84.62 MB ( 98%) used,     1.18 MB (  1%) free+waste,   298.94 KB ( <1%) overhead. 
      Class:     13.42 MB capacity,    12.47 MB ( 93%) used,   832.02 KB (  6%) free+waste,   134.31 KB ( <1%) overhead. 
       Both:     99.51 MB capacity,    97.10 MB ( 98%) used,     1.99 MB (  2%) free+waste,   433.25 KB ( <1%) overhead. 

Virtual space:
  Non-class space:       88.00 MB reserved,      86.34 MB ( 98%) committed 
      Class space:        1.00 GB reserved,      13.45 MB (  1%) committed 
             Both:        1.09 GB reserved,      99.79 MB (  9%) committed 

Chunk freelists:
   Non-Class:  0 bytes
       Class:  0 bytes
        Both:  0 bytes

MaxMetaspaceSize: 17179869184.00 GB
CompressedClassSpaceSize: 1.00 GB
Initial GC threshold: 20.80 MB
Current GC threshold: 113.61 MB
CDS: off

CodeHeap 'non-profiled nmethods': size=120000Kb used=8020Kb max_used=8020Kb free=111979Kb
 bounds [0x0000014d07ad0000, 0x0000014d082b0000, 0x0000014d0f000000]
CodeHeap 'profiled nmethods': size=120000Kb used=27381Kb max_used=27381Kb free=92618Kb
 bounds [0x0000014d005a0000, 0x0000014d02060000, 0x0000014d07ad0000]
CodeHeap 'non-nmethods': size=5760Kb used=2410Kb max_used=2446Kb free=3349Kb
 bounds [0x0000014d00000000, 0x0000014d00270000, 0x0000014d005a0000]
 total_blobs=13335 nmethods=12398 adapters=848
 compilation: enabled
              stopped_count=0, restarted_count=0
 full_count=0

Compilation events (20 events):
Event: 14.729 Thread 0x0000014d55a66800 nmethod 12342 0x0000014d0829fc10 code [0x0000014d0829fdc0, 0x0000014d082a00e8]
Event: 14.729 Thread 0x0000014d55a66800 12353       4       org.gradle.api.internal.provider.ValueSanitizers$2::sanitize (2 bytes)
Event: 14.729 Thread 0x0000014d55a66800 nmethod 12353 0x0000014d082a0310 code [0x0000014d082a04a0, 0x0000014d082a04f8]
Event: 14.729 Thread 0x0000014d55a66800 12350       4       java.util.HashMap::remove (26 bytes)
Event: 14.730 Thread 0x0000014d55a66800 nmethod 12350 0x0000014d082a0610 code [0x0000014d082a07c0, 0x0000014d082a08e8]
Event: 14.730 Thread 0x0000014d55a66800 12344       4       com.esotericsoftware.kryo.io.Input::readVarLong (329 bytes)
Event: 14.734 Thread 0x0000014d7f552800 nmethod 12341 0x0000014d082a0a10 code [0x0000014d082a0c00, 0x0000014d082a18f8]
Event: 14.736 Thread 0x0000014d55a66800 nmethod 12344 0x0000014d082a1f90 code [0x0000014d082a2160, 0x0000014d082a26c8]
Event: 14.738 Thread 0x0000014d7f552800 12354       4       java.util.regex.CharPredicates$$Lambda$337/0x0000014d114e9440::is (5 bytes)
Event: 14.739 Thread 0x0000014d7f552800 nmethod 12354 0x0000014d082a2a90 code [0x0000014d082a2c20, 0x0000014d082a2cf8]
Event: 14.742 Thread 0x0000014d55a66800 12355       4       org.gradle.internal.classloader.FilteringClassLoader::classAllowed (80 bytes)
Event: 14.746 Thread 0x0000014d7f55e800 12356       3       org.gradle.internal.util.Trie::find (135 bytes)
Event: 14.747 Thread 0x0000014d7f55e800 nmethod 12356 0x0000014d02033f90 code [0x0000014d020341c0, 0x0000014d02034938]
Event: 14.747 Thread 0x0000014d7f55e800 12357       3       sun.reflect.generics.reflectiveObjects.TypeVariableImpl::<init> (22 bytes)
Event: 14.747 Thread 0x0000014d7f55e800 nmethod 12357 0x0000014d02034c10 code [0x0000014d02034de0, 0x0000014d02035118]
Event: 14.748 Thread 0x0000014d7f55e800 12358       3       java.util.regex.Pattern$CharPredicate$$Lambda$10/0x0000014d11063c40::is (9 bytes)
Event: 14.748 Thread 0x0000014d7f55e800 nmethod 12358 0x0000014d02035210 code [0x0000014d020353e0, 0x0000014d020356c8]
Event: 14.748 Thread 0x0000014d7f55e800 12359       3       java.util.regex.Pattern$CharPredicate::lambda$negate$3 (16 bytes)
Event: 14.748 Thread 0x0000014d7f55e800 nmethod 12359 0x0000014d02035810 code [0x0000014d020359c0, 0x0000014d02035be8]
Event: 14.748 Thread 0x0000014d7f552800 12360       4       java.lang.CharacterDataLatin1::isUpperCase (20 bytes)

GC Heap History (20 events):
Event: 2.877 GC heap before
{Heap before GC invocations=3 (full 0):
 garbage-first heap   total 262144K, used 82840K [0x0000000080000000, 0x0000000100000000)
  region size 1024K, 75 young (76800K), 11 survivors (11264K)
 Metaspace       used 27211K, capacity 27875K, committed 28160K, reserved 1073152K
  class space    used 3538K, capacity 3772K, committed 3840K, reserved 1048576K
}
Event: 2.884 GC heap after
{Heap after GC invocations=4 (full 0):
 garbage-first heap   total 262144K, used 19811K [0x0000000080000000, 0x0000000100000000)
  region size 1024K, 3 young (3072K), 3 survivors (3072K)
 Metaspace       used 27211K, capacity 27875K, committed 28160K, reserved 1073152K
  class space    used 3538K, capacity 3772K, committed 3840K, reserved 1048576K
}
Event: 3.566 GC heap before
{Heap before GC invocations=4 (full 0):
 garbage-first heap   total 262144K, used 72035K [0x0000000080000000, 0x0000000100000000)
  region size 1024K, 55 young (56320K), 3 survivors (3072K)
 Metaspace       used 35201K, capacity 35982K, committed 36048K, reserved 1081344K
  class space    used 4532K, capacity 4840K, committed 4864K, reserved 1048576K
}
Event: 3.572 GC heap after
{Heap after GC invocations=5 (full 0):
 garbage-first heap   total 262144K, used 22756K [0x0000000080000000, 0x0000000100000000)
  region size 1024K, 6 young (6144K), 6 survivors (6144K)
 Metaspace       used 35201K, capacity 35982K, committed 36048K, reserved 1081344K
  class space    used 4532K, capacity 4840K, committed 4864K, reserved 1048576K
}
Event: 4.750 GC heap before
{Heap before GC invocations=6 (full 0):
 garbage-first heap   total 262144K, used 147684K [0x0000000080000000, 0x0000000100000000)
  region size 1024K, 125 young (128000K), 6 survivors (6144K)
 Metaspace       used 45279K, capacity 46268K, committed 46492K, reserved 1089536K
  class space    used 5751K, capacity 6141K, committed 6144K, reserved 1048576K
}
Event: 4.760 GC heap after
{Heap after GC invocations=7 (full 0):
 garbage-first heap   total 262144K, used 29805K [0x0000000080000000, 0x0000000100000000)
  region size 1024K, 13 young (13312K), 13 survivors (13312K)
 Metaspace       used 45279K, capacity 46268K, committed 46492K, reserved 1089536K
  class space    used 5751K, capacity 6141K, committed 6144K, reserved 1048576K
}
Event: 6.279 GC heap before
{Heap before GC invocations=7 (full 0):
 garbage-first heap   total 262144K, used 175213K [0x0000000080000000, 0x0000000100000000)
  region size 1024K, 145 young (148480K), 13 survivors (13312K)
 Metaspace       used 54211K, capacity 55578K, committed 55708K, reserved 1097728K
  class space    used 6878K, capacity 7396K, committed 7424K, reserved 1048576K
}
Event: 6.293 GC heap after
{Heap after GC invocations=8 (full 0):
 garbage-first heap   total 262144K, used 50514K [0x0000000080000000, 0x0000000100000000)
  region size 1024K, 19 young (19456K), 19 survivors (19456K)
 Metaspace       used 54211K, capacity 55578K, committed 55708K, reserved 1097728K
  class space    used 6878K, capacity 7396K, committed 7424K, reserved 1048576K
}
Event: 6.739 GC heap before
{Heap before GC invocations=8 (full 0):
 garbage-first heap   total 262144K, used 83282K [0x0000000080000000, 0x0000000100000000)
  region size 1024K, 52 young (53248K), 19 survivors (19456K)
 Metaspace       used 59137K, capacity 60570K, committed 60636K, reserved 1101824K
  class space    used 7476K, capacity 8055K, committed 8064K, reserved 1048576K
}
Event: 6.752 GC heap after
{Heap after GC invocations=9 (full 0):
 garbage-first heap   total 262144K, used 53345K [0x0000000080000000, 0x0000000100000000)
  region size 1024K, 3 young (3072K), 3 survivors (3072K)
 Metaspace       used 59137K, capacity 60570K, committed 60636K, reserved 1101824K
  class space    used 7476K, capacity 8055K, committed 8064K, reserved 1048576K
}
Event: 7.981 GC heap before
{Heap before GC invocations=10 (full 0):
 garbage-first heap   total 262144K, used 191585K [0x0000000080000000, 0x0000000100000000)
  region size 1024K, 131 young (134144K), 3 survivors (3072K)
 Metaspace       used 67930K, capacity 69511K, committed 69800K, reserved 1110016K
  class space    used 8569K, capacity 9202K, committed 9292K, reserved 1048576K
}
Event: 7.993 GC heap after
{Heap after GC invocations=11 (full 0):
 garbage-first heap   total 262144K, used 61646K [0x0000000080000000, 0x0000000100000000)
  region size 1024K, 12 young (12288K), 12 survivors (12288K)
 Metaspace       used 67930K, capacity 69511K, committed 69800K, reserved 1110016K
  class space    used 8569K, capacity 9202K, committed 9292K, reserved 1048576K
}
Event: 9.498 GC heap before
{Heap before GC invocations=12 (full 0):
 garbage-first heap   total 262144K, used 189646K [0x0000000080000000, 0x0000000100000000)
  region size 1024K, 137 young (140288K), 12 survivors (12288K)
 Metaspace       used 78683K, capacity 80321K, committed 80552K, reserved 1120256K
  class space    used 10160K, capacity 10792K, committed 10828K, reserved 1048576K
}
Event: 9.510 GC heap after
{Heap after GC invocations=13 (full 0):
 garbage-first heap   total 262144K, used 69978K [0x0000000080000000, 0x0000000100000000)
  region size 1024K, 9 young (9216K), 9 survivors (9216K)
 Metaspace       used 78683K, capacity 80321K, committed 80552K, reserved 1120256K
  class space    used 10160K, capacity 10792K, committed 10828K, reserved 1048576K
}
Event: 10.895 GC heap before
{Heap before GC invocations=13 (full 0):
 garbage-first heap   total 262144K, used 195930K [0x0000000080000000, 0x0000000100000000)
  region size 1024K, 133 young (136192K), 9 survivors (9216K)
 Metaspace       used 86536K, capacity 88591K, committed 88872K, reserved 1126400K
  class space    used 11278K, capacity 12123K, committed 12236K, reserved 1048576K
}
Event: 10.908 GC heap after
{Heap after GC invocations=14 (full 0):
 garbage-first heap   total 262144K, used 78709K [0x0000000080000000, 0x0000000100000000)
  region size 1024K, 17 young (17408K), 17 survivors (17408K)
 Metaspace       used 86536K, capacity 88591K, committed 88872K, reserved 1126400K
  class space    used 11278K, capacity 12123K, committed 12236K, reserved 1048576K
}
Event: 11.809 GC heap before
{Heap before GC invocations=14 (full 0):
 garbage-first heap   total 262144K, used 200565K [0x0000000080000000, 0x0000000100000000)
  region size 1024K, 137 young (140288K), 17 survivors (17408K)
 Metaspace       used 89401K, capacity 91692K, committed 91944K, reserved 1128448K
  class space    used 11549K, capacity 12441K, committed 12492K, reserved 1048576K
}
Event: 11.826 GC heap after
{Heap after GC invocations=15 (full 0):
 garbage-first heap   total 262144K, used 86107K [0x0000000080000000, 0x0000000100000000)
  region size 1024K, 17 young (17408K), 17 survivors (17408K)
 Metaspace       used 89401K, capacity 91692K, committed 91944K, reserved 1128448K
  class space    used 11549K, capacity 12441K, committed 12492K, reserved 1048576K
}
Event: 13.763 GC heap before
{Heap before GC invocations=15 (full 0):
 garbage-first heap   total 262144K, used 203867K [0x0000000080000000, 0x0000000100000000)
  region size 1024K, 133 young (136192K), 17 survivors (17408K)
 Metaspace       used 95119K, capacity 97390K, committed 97576K, reserved 1134592K
  class space    used 12243K, capacity 13125K, committed 13260K, reserved 1048576K
}
Event: 13.777 GC heap after
{Heap after GC invocations=16 (full 0):
 garbage-first heap   total 262144K, used 93342K [0x0000000080000000, 0x0000000100000000)
  region size 1024K, 15 young (15360K), 15 survivors (15360K)
 Metaspace       used 95119K, capacity 97390K, committed 97576K, reserved 1134592K
  class space    used 12243K, capacity 13125K, committed 13260K, reserved 1048576K
}

Deoptimization events (20 events):
Event: 14.678 Thread 0x0000014d58b95000 Uncommon trap: trap_request=0xffffffde fr.pc=0x0000014d080dc010 relative=0x0000000000000830
Event: 14.678 Thread 0x0000014d58b95000 Uncommon trap: reason=class_check action=maybe_recompile pc=0x0000014d080dc010 method=org.gradle.tooling.internal.provider.runner.ClientBuildEventGenerator.finished(Lorg/gradle/internal/operations/BuildOperationDescriptor;Lorg/gradle/internal/operations/O
Event: 14.678 Thread 0x0000014d58b95000 DEOPT PACKING pc=0x0000014d080dc010 sp=0x0000000109bfdfd0
Event: 14.678 Thread 0x0000014d58b95000 DEOPT UNPACKING pc=0x0000014d0004a1af sp=0x0000000109bfdf10 mode 2
Event: 14.699 Thread 0x0000014d58b94800 Uncommon trap: trap_request=0xffffff4d fr.pc=0x0000014d08255b68 relative=0x0000000000002f48
Event: 14.699 Thread 0x0000014d58b94800 Uncommon trap: reason=unstable_if action=reinterpret pc=0x0000014d08255b68 method=org.gradle.internal.snapshot.ChildMap$Entry.handlePath(Lorg/gradle/internal/snapshot/VfsRelativePath;Lorg/gradle/internal/snapshot/CaseSensitivity;Lorg/gradle/internal/snaps
Event: 14.699 Thread 0x0000014d58b94800 DEOPT PACKING pc=0x0000014d08255b68 sp=0x00000001098faac0
Event: 14.699 Thread 0x0000014d58b94800 DEOPT UNPACKING pc=0x0000014d0004a1af sp=0x00000001098faa10 mode 2
Event: 14.710 Thread 0x0000014d58b9b000 Uncommon trap: trap_request=0xffffff4d fr.pc=0x0000014d07dcc42c relative=0x000000000000058c
Event: 14.710 Thread 0x0000014d58b9b000 Uncommon trap: reason=unstable_if action=reinterpret pc=0x0000014d07dcc42c method=java.util.concurrent.locks.AbstractQueuedSynchronizer.acquire(I)V @ 20 c2
Event: 14.710 Thread 0x0000014d58b9b000 DEOPT PACKING pc=0x0000014d07dcc42c sp=0x00000001099feea0
Event: 14.710 Thread 0x0000014d58b9b000 DEOPT UNPACKING pc=0x0000014d0004a1af sp=0x00000001099fee38 mode 2
Event: 14.721 Thread 0x0000014d535e6800 Uncommon trap: trap_request=0xffffff4d fr.pc=0x0000014d07f43934 relative=0x00000000000001f4
Event: 14.721 Thread 0x0000014d535e6800 Uncommon trap: reason=unstable_if action=reinterpret pc=0x0000014d07f43934 method=org.gradle.internal.util.Trie.find(Ljava/lang/CharSequence;)Z @ 91 c2
Event: 14.721 Thread 0x0000014d535e6800 DEOPT PACKING pc=0x0000014d07f43934 sp=0x00000001022fb330
Event: 14.721 Thread 0x0000014d535e6800 DEOPT UNPACKING pc=0x0000014d0004a1af sp=0x00000001022fb298 mode 2
Event: 14.747 Thread 0x0000014d535e6800 Uncommon trap: trap_request=0xffffff4d fr.pc=0x0000014d07f3527c relative=0x000000000000027c
Event: 14.747 Thread 0x0000014d535e6800 Uncommon trap: reason=unstable_if action=reinterpret pc=0x0000014d07f3527c method=java.lang.Class.getTypeName()Ljava/lang/String; @ 23 c2
Event: 14.747 Thread 0x0000014d535e6800 DEOPT PACKING pc=0x0000014d07f3527c sp=0x00000001022fa4e0
Event: 14.747 Thread 0x0000014d535e6800 DEOPT UNPACKING pc=0x0000014d0004a1af sp=0x00000001022fa4a8 mode 2

Classes redefined (0 events):
No events

Internal exceptions (20 events):
Event: 13.486 Thread 0x0000014d58b95000 Implicit null exception at 0x0000014d081c1af8 to 0x0000014d081c1c7c
Event: 13.487 Thread 0x0000014d58b95000 Implicit null exception at 0x0000014d081c2c5e to 0x0000014d081c2db0
Event: 13.575 Thread 0x0000014d58b94800 Exception <a 'java/lang/NoSuchMethodError'{0x000000008a44db10}: 'java.lang.Object java.lang.invoke.DirectMethodHandle$Holder.newInvokeSpecial(java.lang.Object, java.lang.Object, java.lang.Object, java.lang.Object)'> (0x000000008a44db10) thrown at [./src/hotspot/share/interpreter/linkResolver.cpp, line 773]
Event: 13.981 Thread 0x0000014d58b94800 Implicit null exception at 0x0000014d07ff3c2c to 0x0000014d07ff3c6b
Event: 14.116 Thread 0x0000014d58b94800 Exception <a 'sun/nio/fs/WindowsException'{0x000000008dc68218}> (0x000000008dc68218) thrown at [./src/hotspot/share/prims/jni.cpp, line 616]
Event: 14.116 Thread 0x0000014d58b94800 Exception <a 'sun/nio/fs/WindowsException'{0x000000008dc69068}> (0x000000008dc69068) thrown at [./src/hotspot/share/prims/jni.cpp, line 616]
Event: 14.205 Thread 0x0000014d58b95000 Exception <a 'sun/nio/fs/WindowsException'{0x000000008d73fee8}> (0x000000008d73fee8) thrown at [./src/hotspot/share/prims/jni.cpp, line 616]
Event: 14.211 Thread 0x0000014d58b95000 Implicit null exception at 0x0000014d0823de17 to 0x0000014d08240ac0
Event: 14.258 Thread 0x0000014d58b95000 Exception <a 'java/lang/NoSuchMethodError'{0x000000008d7f3010}: 'java.lang.Object java.lang.invoke.DirectMethodHandle$Holder.invokeStatic(java.lang.Object, java.lang.Object, java.lang.Object, java.lang.Object, java.lang.Object, int, java.lang.Object)'> (0x000000008d7f3010) thrown at [./src/hotspot/share/interpreter/linkResolver.cpp, line 773]
Event: 14.309 Thread 0x0000014d58b95000 Exception <a 'java/lang/NoSuchMethodError'{0x000000008d3e2468}: 'java.lang.Object java.lang.invoke.DirectMethodHandle$Holder.invokeStatic(java.lang.Object, java.lang.Object, java.lang.Object, java.lang.Object, java.lang.Object, java.lang.Object, java.lang.Object, int)'> (0x000000008d3e2468) thrown at [./src/hotspot/share/interpreter/linkResolver.cpp, line 773]
Event: 14.309 Thread 0x0000014d58b95000 Exception <a 'java/lang/NoSuchMethodError'{0x000000008d3e6b48}: 'java.lang.Object java.lang.invoke.DirectMethodHandle$Holder.invokeSpecial(java.lang.Object, java.lang.Object, java.lang.Object, java.lang.Object, java.lang.Object, java.lang.Object, java.lang.Object, java.lang.Object, int)'> (0x000000008d3e6b48) thrown at [./src/hotspot/share/interpreter/linkResolver.cpp, line 773]
Event: 14.309 Thread 0x0000014d58b95000 Exception <a 'java/lang/NoSuchMethodError'{0x000000008d3eaba8}: 'java.lang.Object java.lang.invoke.Invokers$Holder.linkToTargetMethod(java.lang.Object, java.lang.Object, java.lang.Object, java.lang.Object, java.lang.Object, java.lang.Object, int, java.lang.Object)'> (0x000000008d3eaba8) thrown at [./src/hotspot/share/interpreter/linkResolver.cpp, line 773]
Event: 14.365 Thread 0x0000014d58b95000 Exception <a 'sun/nio/fs/WindowsException'{0x000000008d070068}> (0x000000008d070068) thrown at [./src/hotspot/share/prims/jni.cpp, line 616]
Event: 14.365 Thread 0x0000014d58b95000 Exception <a 'sun/nio/fs/WindowsException'{0x000000008d0700e8}> (0x000000008d0700e8) thrown at [./src/hotspot/share/prims/jni.cpp, line 616]
Event: 14.659 Thread 0x0000014d58b95000 Exception <a 'java/lang/NoSuchMethodError'{0x000000008c952350}: 'java.lang.Object java.lang.invoke.DirectMethodHandle$Holder.invokeVirtual(java.lang.Object, java.lang.Object, int)'> (0x000000008c952350) thrown at [./src/hotspot/share/interpreter/linkResolver.cpp, line 773]
Event: 14.661 Thread 0x0000014d58b95000 Implicit null exception at 0x0000014d07c84b6b to 0x0000014d07c84b8c
Event: 14.672 Thread 0x0000014d58b95000 Exception <a 'java/lang/NoSuchMethodError'{0x000000008c82b2f8}: 'void java.lang.invoke.DirectMethodHandle$Holder.invokeStatic(java.lang.Object, java.lang.Object, java.lang.Object, int)'> (0x000000008c82b2f8) thrown at [./src/hotspot/share/interpreter/linkResolver.cpp, line 773]
Event: 14.730 Thread 0x0000014d535e6800 Exception <a 'sun/nio/fs/WindowsException'{0x000000008c7cbfd8}> (0x000000008c7cbfd8) thrown at [./src/hotspot/share/prims/jni.cpp, line 616]
Event: 14.730 Thread 0x0000014d535e6800 Exception <a 'sun/nio/fs/WindowsException'{0x000000008c7cc058}> (0x000000008c7cc058) thrown at [./src/hotspot/share/prims/jni.cpp, line 616]
Event: 14.731 Thread 0x0000014d535e6800 Exception <a 'sun/nio/fs/WindowsException'{0x000000008c7dec40}> (0x000000008c7dec40) thrown at [./src/hotspot/share/prims/jni.cpp, line 616]

Events (20 events):
Event: 14.745 loading class com/google/common/reflect/Types$ClassOwnership$1
Event: 14.745 loading class com/google/common/reflect/Types$ClassOwnership$1 done
Event: 14.745 loading class com/google/common/reflect/Types$ClassOwnership$2
Event: 14.745 loading class com/google/common/reflect/Types$ClassOwnership$2 done
Event: 14.745 loading class com/google/common/reflect/Types$ClassOwnership$3
Event: 14.745 loading class com/google/common/reflect/Types$ClassOwnership$3 done
Event: 14.745 loading class com/google/common/reflect/Types$ClassOwnership$1LocalClass
Event: 14.745 loading class com/google/common/reflect/Types$ClassOwnership$1LocalClass done
Event: 14.745 loading class com/google/common/reflect/Types$JavaVersion
Event: 14.745 loading class com/google/common/reflect/Types$JavaVersion done
Event: 14.746 loading class com/google/common/reflect/Types$JavaVersion$1
Event: 14.746 loading class com/google/common/reflect/Types$JavaVersion$1 done
Event: 14.746 loading class com/google/common/reflect/Types$JavaVersion$2
Event: 14.746 loading class com/google/common/reflect/Types$JavaVersion$2 done
Event: 14.746 loading class com/google/common/reflect/Types$JavaVersion$3
Event: 14.746 loading class com/google/common/reflect/Types$JavaVersion$3 done
Event: 14.747 loading class com/google/common/reflect/Types$JavaVersion$4
Event: 14.747 loading class com/google/common/reflect/Types$JavaVersion$4 done
Event: 14.747 loading class com/google/common/reflect/Types$JavaVersion$5
Event: 14.747 loading class com/google/common/reflect/Types$JavaVersion$5 done


Dynamic libraries:
0x00007ff7ee7d0000 - 0x00007ff7ee7da000 	D:\Program Files\Android\Android Studio\jre\bin\java.exe
0x00007ffdd2680000 - 0x00007ffdd2889000 	C:\Windows\SYSTEM32\ntdll.dll
0x00007ffdd1b40000 - 0x00007ffdd1bfe000 	C:\Windows\System32\KERNEL32.DLL
0x00007ffdcff90000 - 0x00007ffdd030b000 	C:\Windows\System32\KERNELBASE.dll
0x00007ffdcfe00000 - 0x00007ffdcff11000 	C:\Windows\System32\ucrtbase.dll
0x00007ffdb2620000 - 0x00007ffdb2639000 	D:\Program Files\Android\Android Studio\jre\bin\jli.dll
0x00007ffdb23e0000 - 0x00007ffdb23f7000 	D:\Program Files\Android\Android Studio\jre\bin\VCRUNTIME140.dll
0x00007ffdd23e0000 - 0x00007ffdd258d000 	C:\Windows\System32\USER32.dll
0x00007ffdc1a10000 - 0x00007ffdc1cb5000 	C:\Windows\WinSxS\amd64_microsoft.windows.common-controls_6595b64144ccf1df_6.0.22000.120_none_9d947278b86cc467\COMCTL32.dll
0x00007ffdd03b0000 - 0x00007ffdd03d6000 	C:\Windows\System32\win32u.dll
0x00007ffdd1d50000 - 0x00007ffdd1df3000 	C:\Windows\System32\msvcrt.dll
0x00007ffdd0dd0000 - 0x00007ffdd0df9000 	C:\Windows\System32\GDI32.dll
0x00007ffdd03e0000 - 0x00007ffdd04f8000 	C:\Windows\System32\gdi32full.dll
0x00007ffdd0310000 - 0x00007ffdd03ad000 	C:\Windows\System32\msvcp_win.dll
0x00007ffdd1fa0000 - 0x00007ffdd1fd2000 	C:\Windows\System32\IMM32.DLL
0x00007ffd9c530000 - 0x00007ffd9c5cd000 	D:\Program Files\Android\Android Studio\jre\bin\msvcp140.dll
0x00007ffd7fce0000 - 0x00007ffd807e2000 	D:\Program Files\Android\Android Studio\jre\bin\server\jvm.dll
0x00007ffdd2590000 - 0x00007ffdd263e000 	C:\Windows\System32\ADVAPI32.dll
0x00007ffdd0e00000 - 0x00007ffdd0e9e000 	C:\Windows\System32\sechost.dll
0x00007ffdd1e80000 - 0x00007ffdd1fa0000 	C:\Windows\System32\RPCRT4.dll
0x00007ffdd0f00000 - 0x00007ffdd0f08000 	C:\Windows\System32\PSAPI.DLL
0x00007ffdcb280000 - 0x00007ffdcb289000 	C:\Windows\SYSTEM32\WSOCK32.dll
0x00007ffdc9ea0000 - 0x00007ffdc9ed3000 	C:\Windows\SYSTEM32\WINMM.dll
0x00007ffdc9e90000 - 0x00007ffdc9e9a000 	C:\Windows\SYSTEM32\VERSION.dll
0x00007ffdd2000000 - 0x00007ffdd206f000 	C:\Windows\System32\WS2_32.dll
0x00007ffdcec50000 - 0x00007ffdcec68000 	C:\Windows\SYSTEM32\kernel.appcore.dll
0x00007ffdbf770000 - 0x00007ffdbf781000 	D:\Program Files\Android\Android Studio\jre\bin\verify.dll
0x00007ffdc0bc0000 - 0x00007ffdc0de1000 	C:\Windows\SYSTEM32\DBGHELP.DLL
0x00007ffdc0b80000 - 0x00007ffdc0bb1000 	C:\Windows\SYSTEM32\dbgcore.DLL
0x00007ffdcfc10000 - 0x00007ffdcfc8f000 	C:\Windows\System32\bcryptPrimitives.dll
0x00007ffdb9580000 - 0x00007ffdb95a9000 	D:\Program Files\Android\Android Studio\jre\bin\java.dll
0x00007ffdbf630000 - 0x00007ffdbf63b000 	D:\Program Files\Android\Android Studio\jre\bin\jimage.dll
0x00007ffdbf5d0000 - 0x00007ffdbf5e8000 	D:\Program Files\Android\Android Studio\jre\bin\zip.dll
0x00007ffdd1290000 - 0x00007ffdd1a48000 	C:\Windows\System32\SHELL32.dll
0x00007ffdcdc40000 - 0x00007ffdce4a5000 	C:\Windows\SYSTEM32\windows.storage.dll
0x00007ffdd0f10000 - 0x00007ffdd1288000 	C:\Windows\System32\combase.dll
0x00007ffdcdad0000 - 0x00007ffdcdc36000 	C:\Windows\SYSTEM32\wintypes.dll
0x00007ffdd1c60000 - 0x00007ffdd1d4a000 	C:\Windows\System32\SHCORE.dll
0x00007ffdd1c00000 - 0x00007ffdd1c5d000 	C:\Windows\System32\shlwapi.dll
0x00007ffdcfa80000 - 0x00007ffdcfaa1000 	C:\Windows\SYSTEM32\profapi.dll
0x00007ffdbb3f0000 - 0x00007ffdbb40a000 	D:\Program Files\Android\Android Studio\jre\bin\net.dll
0x00007ffdc9500000 - 0x00007ffdc9614000 	C:\Windows\SYSTEM32\WINHTTP.dll
0x00007ffdcf160000 - 0x00007ffdcf1c7000 	C:\Windows\system32\mswsock.dll
0x00007ffdb9560000 - 0x00007ffdb9574000 	D:\Program Files\Android\Android Studio\jre\bin\nio.dll
0x00007ffdb2820000 - 0x00007ffdb2847000 	C:\Users\Comp-MIR\.gradle\native\e1d6ef7f7dcc3fd88c89a11ec53ec762bb8ba0a96d01ffa2cd45eb1d1d8dd5c5\windows-amd64\native-platform.dll
0x00007ffdbed30000 - 0x00007ffdbee74000 	C:\Users\Comp-MIR\.gradle\native\0d407fdbe67a94daf76414ababcb853783967236a71b16ec16e742cd7a986fd3\windows-amd64\native-platform-file-events.dll
0x00007ffdbf620000 - 0x00007ffdbf62a000 	D:\Program Files\Android\Android Studio\jre\bin\management.dll
0x00007ffdbf430000 - 0x00007ffdbf43d000 	D:\Program Files\Android\Android Studio\jre\bin\management_ext.dll
0x00007ffdcf3a0000 - 0x00007ffdcf3b8000 	C:\Windows\SYSTEM32\CRYPTSP.dll
0x00007ffdceba0000 - 0x00007ffdcebd5000 	C:\Windows\system32\rsaenh.dll
0x00007ffdcf250000 - 0x00007ffdcf279000 	C:\Windows\SYSTEM32\USERENV.dll
0x00007ffdcf530000 - 0x00007ffdcf557000 	C:\Windows\SYSTEM32\bcrypt.dll
0x00007ffdcf3c0000 - 0x00007ffdcf3cc000 	C:\Windows\SYSTEM32\CRYPTBASE.dll
0x00007ffdce770000 - 0x00007ffdce79d000 	C:\Windows\SYSTEM32\IPHLPAPI.DLL
0x00007ffdd1fe0000 - 0x00007ffdd1fe9000 	C:\Windows\System32\NSI.dll
0x00007ffdc9e70000 - 0x00007ffdc9e89000 	C:\Windows\SYSTEM32\dhcpcsvc6.DLL
0x00007ffdca740000 - 0x00007ffdca75e000 	C:\Windows\SYSTEM32\dhcpcsvc.DLL
0x00007ffdce7a0000 - 0x00007ffdce888000 	C:\Windows\SYSTEM32\DNSAPI.dll
0x00007ffdb4c00000 - 0x00007ffdb4c27000 	D:\Program Files\Android\Android Studio\jre\bin\sunec.dll

dbghelp: loaded successfully - version: 4.0.5 - missing functions: none
symbol engine: initialized successfully - sym options: 0x614 - pdb path: .;D:\Program Files\Android\Android Studio\jre\bin;C:\Windows\SYSTEM32;C:\Windows\WinSxS\amd64_microsoft.windows.common-controls_6595b64144ccf1df_6.0.22000.120_none_9d947278b86cc467;D:\Program Files\Android\Android Studio\jre\bin\server;C:\Users\Comp-MIR\.gradle\native\e1d6ef7f7dcc3fd88c89a11ec53ec762bb8ba0a96d01ffa2cd45eb1d1d8dd5c5\windows-amd64;C:\Users\Comp-MIR\.gradle\native\0d407fdbe67a94daf76414ababcb853783967236a71b16ec16e742cd7a986fd3\windows-amd64

VM Arguments:
jvm_args: --add-opens=java.base/java.util=ALL-UNNAMED --add-opens=java.base/java.lang=ALL-UNNAMED --add-opens=java.base/java.lang.invoke=ALL-UNNAMED --add-opens=java.base/java.util=ALL-UNNAMED --add-opens=java.prefs/java.util.prefs=ALL-UNNAMED --add-opens=java.prefs/java.util.prefs=ALL-UNNAMED --add-opens=java.base/java.nio.charset=ALL-UNNAMED --add-opens=java.base/java.net=ALL-UNNAMED --add-opens=java.base/java.util.concurrent.atomic=ALL-UNNAMED -Xmx2048m -Dfile.encoding=UTF-8 -Duser.country=RU -Duser.language=ru -Duser.variant 
java_command: org.gradle.launcher.daemon.bootstrap.GradleDaemon 7.4
java_class_path (initial): C:\Users\Comp-MIR\.gradle\wrapper\dists\gradle-7.4-bin\c0gwcg53nkjbqw7r0h0umtfvt\gradle-7.4\lib\gradle-launcher-7.4.jar
Launcher Type: SUN_STANDARD

[Global flags]
     intx CICompilerCount                          = 4                                         {product} {ergonomic}
     uint ConcGCThreads                            = 2                                         {product} {ergonomic}
     uint G1ConcRefinementThreads                  = 8                                         {product} {ergonomic}
   size_t G1HeapRegionSize                         = 1048576                                   {product} {ergonomic}
    uintx GCDrainStackTargetSize                   = 64                                        {product} {ergonomic}
   size_t InitialHeapSize                          = 268435456                                 {product} {ergonomic}
   size_t MarkStackSize                            = 4194304                                   {product} {ergonomic}
   size_t MaxHeapSize                              = 2147483648                                {product} {command line}
   size_t MaxNewSize                               = 1287651328                                {product} {ergonomic}
   size_t MinHeapDeltaBytes                        = 1048576                                   {product} {ergonomic}
    uintx NonNMethodCodeHeapSize                   = 5836300                                {pd product} {ergonomic}
    uintx NonProfiledCodeHeapSize                  = 122910970                              {pd product} {ergonomic}
    uintx ProfiledCodeHeapSize                     = 122910970                              {pd product} {ergonomic}
    uintx ReservedCodeCacheSize                    = 251658240                              {pd product} {ergonomic}
     bool SegmentedCodeCache                       = true                                      {product} {ergonomic}
     bool UseCompressedClassPointers               = true                                 {lp64_product} {ergonomic}
     bool UseCompressedOops                        = true                                 {lp64_product} {ergonomic}
     bool UseG1GC                                  = true                                      {product} {ergonomic}
     bool UseLargePagesIndividualAllocation        = false                                  {pd product} {ergonomic}

Logging:
Log output configuration:
 #0: stdout all=warning uptime,level,tags
 #1: stderr all=off uptime,level,tags

Environment Variables:
PATH=C:\Users\Comp-MIR\Downloads\Call of Duty  Ghosts by xatab\Redist;C:\Program Files\Git\cmd;C:\Users\Comp-MIR\Downloads\Call of Duty  Ghosts by xatab\Redist
USERNAME=Comp-MIR
OS=Windows_NT
PROCESSOR_IDENTIFIER=Intel64 Family 6 Model 158 Stepping 9, GenuineIntel



---------------  S Y S T E M  ---------------

OS: Windows 11 , 64 bit Build 22000 (10.0.22000.1219)
OS uptime: 0 days 1:43 hours

CPU:total 8 (initial active 8) (4 cores per cpu, 2 threads per core) family 6 model 158 stepping 9 microcode 0xde, cmov, cx8, fxsr, mmx, sse, sse2, sse3, ssse3, sse4.1, sse4.2, popcnt, avx, avx2, aes, clmul, erms, 3dnowpref, lzcnt, ht, tsc, tscinvbit, bmi1, bmi2, adx, fma

Memory: 4k page, system-wide physical 16300M (6022M free)
TotalPageFile size 17324M (AvailPageFile size 5114M)
current process WorkingSet (physical memory assigned to process): 565M, peak: 566M
current process commit charge ("private bytes"): 607M, peak: 608M

vm_info: OpenJDK 64-Bit Server VM (11.0.13+0-b1751.21-8125866) for windows-amd64 JRE (11.0.13+0-b1751.21-8125866), built on Feb  2 2022 03:00:22 by "builder" with MS VC++ 14.0 (VS2015)

END.
